[2023-08-22 23:37:53,310] {taskinstance.py:1179} INFO - Dependencies all met for <TaskInstance: ETL_products.transformar_data manual__2023-08-22T23:37:46.616476+00:00 [queued]>
[2023-08-22 23:37:53,320] {taskinstance.py:1179} INFO - Dependencies all met for <TaskInstance: ETL_products.transformar_data manual__2023-08-22T23:37:46.616476+00:00 [queued]>
[2023-08-22 23:37:53,320] {taskinstance.py:1376} INFO - 
--------------------------------------------------------------------------------
[2023-08-22 23:37:53,321] {taskinstance.py:1377} INFO - Starting attempt 1 of 4
[2023-08-22 23:37:53,321] {taskinstance.py:1378} INFO - 
--------------------------------------------------------------------------------
[2023-08-22 23:37:53,333] {taskinstance.py:1397} INFO - Executing <Task(PythonOperator): transformar_data> on 2023-08-22 23:37:46.616476+00:00
[2023-08-22 23:37:53,337] {standard_task_runner.py:52} INFO - Started process 233 to run task
[2023-08-22 23:37:53,342] {standard_task_runner.py:79} INFO - Running: ['***', 'tasks', 'run', 'ETL_products', 'transformar_data', 'manual__2023-08-22T23:37:46.616476+00:00', '--job-id', '8', '--raw', '--subdir', 'DAGS_FOLDER/etl.py', '--cfg-path', '/tmp/tmpqzvxez0p', '--error-file', '/tmp/tmpqoflpaf2']
[2023-08-22 23:37:53,343] {standard_task_runner.py:80} INFO - Job 8: Subtask transformar_data
[2023-08-22 23:37:53,407] {task_command.py:371} INFO - Running <TaskInstance: ETL_products.transformar_data manual__2023-08-22T23:37:46.616476+00:00 [running]> on host 647aaf7d8bae
[2023-08-22 23:37:53,468] {taskinstance.py:1591} INFO - Exporting the following env vars:
AIRFLOW_CTX_DAG_OWNER=Sol
AIRFLOW_CTX_DAG_ID=ETL_products
AIRFLOW_CTX_TASK_ID=transformar_data
AIRFLOW_CTX_EXECUTION_DATE=2023-08-22T23:37:46.616476+00:00
AIRFLOW_CTX_TRY_NUMBER=1
AIRFLOW_CTX_DAG_RUN_ID=manual__2023-08-22T23:37:46.616476+00:00
[2023-08-22 23:37:53,497] {taskinstance.py:1909} ERROR - Task failed with exception
Traceback (most recent call last):
  File "/home/airflow/.local/lib/python3.7/site-packages/airflow/operators/python.py", line 171, in execute
    return_value = self.execute_callable()
  File "/home/airflow/.local/lib/python3.7/site-packages/airflow/operators/python.py", line 189, in execute_callable
    return self.python_callable(*self.op_args, **self.op_kwargs)
  File "/opt/airflow/dags/functions.py", line 49, in process_data
    df.to_csv(os.path.join("transformed_data","data.csv"), index=False)
  File "/home/airflow/.local/lib/python3.7/site-packages/pandas/core/generic.py", line 3482, in to_csv
    storage_options=storage_options,
  File "/home/airflow/.local/lib/python3.7/site-packages/pandas/io/formats/format.py", line 1105, in to_csv
    csv_formatter.save()
  File "/home/airflow/.local/lib/python3.7/site-packages/pandas/io/formats/csvs.py", line 243, in save
    storage_options=self.storage_options,
  File "/home/airflow/.local/lib/python3.7/site-packages/pandas/io/common.py", line 707, in get_handle
    newline="",
FileNotFoundError: [Errno 2] No such file or directory: 'transformed_data/data.csv'
[2023-08-22 23:37:53,512] {taskinstance.py:1420} INFO - Marking task as UP_FOR_RETRY. dag_id=ETL_products, task_id=transformar_data, execution_date=20230822T233746, start_date=20230822T233753, end_date=20230822T233753
[2023-08-22 23:37:53,519] {standard_task_runner.py:97} ERROR - Failed to execute job 8 for task transformar_data ([Errno 2] No such file or directory: 'transformed_data/data.csv'; 233)
[2023-08-22 23:37:53,555] {local_task_job.py:156} INFO - Task exited with return code 1
[2023-08-22 23:37:53,605] {local_task_job.py:273} INFO - 0 downstream tasks scheduled from follow-on schedule check
