[2023-08-22 23:40:54,715] {taskinstance.py:1179} INFO - Dependencies all met for <TaskInstance: ETL_products.transformar_data manual__2023-08-22T23:37:46.616476+00:00 [queued]>
[2023-08-22 23:40:54,721] {taskinstance.py:1179} INFO - Dependencies all met for <TaskInstance: ETL_products.transformar_data manual__2023-08-22T23:37:46.616476+00:00 [queued]>
[2023-08-22 23:40:54,722] {taskinstance.py:1376} INFO - 
--------------------------------------------------------------------------------
[2023-08-22 23:40:54,722] {taskinstance.py:1377} INFO - Starting attempt 2 of 4
[2023-08-22 23:40:54,723] {taskinstance.py:1378} INFO - 
--------------------------------------------------------------------------------
[2023-08-22 23:40:54,730] {taskinstance.py:1397} INFO - Executing <Task(PythonOperator): transformar_data> on 2023-08-22 23:37:46.616476+00:00
[2023-08-22 23:40:54,734] {standard_task_runner.py:52} INFO - Started process 476 to run task
[2023-08-22 23:40:54,737] {standard_task_runner.py:79} INFO - Running: ['***', 'tasks', 'run', 'ETL_products', 'transformar_data', 'manual__2023-08-22T23:37:46.616476+00:00', '--job-id', '17', '--raw', '--subdir', 'DAGS_FOLDER/etl.py', '--cfg-path', '/tmp/tmp4hblavii', '--error-file', '/tmp/tmpvz0rjqfi']
[2023-08-22 23:40:54,741] {standard_task_runner.py:80} INFO - Job 17: Subtask transformar_data
[2023-08-22 23:40:54,792] {task_command.py:371} INFO - Running <TaskInstance: ETL_products.transformar_data manual__2023-08-22T23:37:46.616476+00:00 [running]> on host 647aaf7d8bae
[2023-08-22 23:40:54,838] {taskinstance.py:1591} INFO - Exporting the following env vars:
AIRFLOW_CTX_DAG_OWNER=Sol
AIRFLOW_CTX_DAG_ID=ETL_products
AIRFLOW_CTX_TASK_ID=transformar_data
AIRFLOW_CTX_EXECUTION_DATE=2023-08-22T23:37:46.616476+00:00
AIRFLOW_CTX_TRY_NUMBER=2
AIRFLOW_CTX_DAG_RUN_ID=manual__2023-08-22T23:37:46.616476+00:00
[2023-08-22 23:40:54,858] {python.py:173} INFO - Done. Returned value was: None
[2023-08-22 23:40:54,874] {taskinstance.py:1420} INFO - Marking task as SUCCESS. dag_id=ETL_products, task_id=transformar_data, execution_date=20230822T233746, start_date=20230822T234054, end_date=20230822T234054
[2023-08-22 23:40:54,916] {local_task_job.py:156} INFO - Task exited with return code 0
[2023-08-22 23:40:54,942] {local_task_job.py:273} INFO - 1 downstream tasks scheduled from follow-on schedule check
