[2023-08-22 23:41:41,614] {taskinstance.py:1179} INFO - Dependencies all met for <TaskInstance: ETL_products.insertar_data manual__2023-08-22T23:41:32.733467+00:00 [queued]>
[2023-08-22 23:41:41,623] {taskinstance.py:1179} INFO - Dependencies all met for <TaskInstance: ETL_products.insertar_data manual__2023-08-22T23:41:32.733467+00:00 [queued]>
[2023-08-22 23:41:41,623] {taskinstance.py:1376} INFO - 
--------------------------------------------------------------------------------
[2023-08-22 23:41:41,624] {taskinstance.py:1377} INFO - Starting attempt 1 of 4
[2023-08-22 23:41:41,624] {taskinstance.py:1378} INFO - 
--------------------------------------------------------------------------------
[2023-08-22 23:41:41,631] {taskinstance.py:1397} INFO - Executing <Task(PythonOperator): insertar_data> on 2023-08-22 23:41:32.733467+00:00
[2023-08-22 23:41:41,635] {standard_task_runner.py:52} INFO - Started process 540 to run task
[2023-08-22 23:41:41,638] {standard_task_runner.py:79} INFO - Running: ['***', 'tasks', 'run', 'ETL_products', 'insertar_data', 'manual__2023-08-22T23:41:32.733467+00:00', '--job-id', '23', '--raw', '--subdir', 'DAGS_FOLDER/etl.py', '--cfg-path', '/tmp/tmpwn6zfcw3', '--error-file', '/tmp/tmpicf2bwtq']
[2023-08-22 23:41:41,639] {standard_task_runner.py:80} INFO - Job 23: Subtask insertar_data
[2023-08-22 23:41:41,687] {task_command.py:371} INFO - Running <TaskInstance: ETL_products.insertar_data manual__2023-08-22T23:41:32.733467+00:00 [running]> on host 647aaf7d8bae
[2023-08-22 23:41:41,744] {taskinstance.py:1591} INFO - Exporting the following env vars:
AIRFLOW_CTX_DAG_OWNER=Sol
AIRFLOW_CTX_DAG_ID=ETL_products
AIRFLOW_CTX_TASK_ID=insertar_data
AIRFLOW_CTX_EXECUTION_DATE=2023-08-22T23:41:32.733467+00:00
AIRFLOW_CTX_TRY_NUMBER=1
AIRFLOW_CTX_DAG_RUN_ID=manual__2023-08-22T23:41:32.733467+00:00
[2023-08-22 23:41:53,469] {python.py:173} INFO - Done. Returned value was: None
[2023-08-22 23:41:53,541] {taskinstance.py:1420} INFO - Marking task as SUCCESS. dag_id=ETL_products, task_id=insertar_data, execution_date=20230822T234132, start_date=20230822T234141, end_date=20230822T234153
[2023-08-22 23:41:53,586] {local_task_job.py:156} INFO - Task exited with return code 0
[2023-08-22 23:41:53,618] {local_task_job.py:273} INFO - 0 downstream tasks scheduled from follow-on schedule check
