[2023-08-22 21:14:58,939] {taskinstance.py:1179} INFO - Dependencies all met for <TaskInstance: ETL_products.transformar_data manual__2023-08-22T21:14:51.004725+00:00 [queued]>
[2023-08-22 21:14:58,947] {taskinstance.py:1179} INFO - Dependencies all met for <TaskInstance: ETL_products.transformar_data manual__2023-08-22T21:14:51.004725+00:00 [queued]>
[2023-08-22 21:14:58,948] {taskinstance.py:1376} INFO - 
--------------------------------------------------------------------------------
[2023-08-22 21:14:58,948] {taskinstance.py:1377} INFO - Starting attempt 1 of 4
[2023-08-22 21:14:58,949] {taskinstance.py:1378} INFO - 
--------------------------------------------------------------------------------
[2023-08-22 21:14:58,957] {taskinstance.py:1397} INFO - Executing <Task(PythonOperator): transformar_data> on 2023-08-22 21:14:51.004725+00:00
[2023-08-22 21:14:58,967] {standard_task_runner.py:52} INFO - Started process 712 to run task
[2023-08-22 21:14:58,971] {standard_task_runner.py:79} INFO - Running: ['***', 'tasks', 'run', 'ETL_products', 'transformar_data', 'manual__2023-08-22T21:14:51.004725+00:00', '--job-id', '3', '--raw', '--subdir', 'DAGS_FOLDER/etl.py', '--cfg-path', '/tmp/tmpzdpcpmof', '--error-file', '/tmp/tmpiycffl34']
[2023-08-22 21:14:58,973] {standard_task_runner.py:80} INFO - Job 3: Subtask transformar_data
[2023-08-22 21:14:59,118] {task_command.py:371} INFO - Running <TaskInstance: ETL_products.transformar_data manual__2023-08-22T21:14:51.004725+00:00 [running]> on host 647aaf7d8bae
[2023-08-22 21:14:59,223] {taskinstance.py:1591} INFO - Exporting the following env vars:
AIRFLOW_CTX_DAG_OWNER=Sol
AIRFLOW_CTX_DAG_ID=ETL_products
AIRFLOW_CTX_TASK_ID=transformar_data
AIRFLOW_CTX_EXECUTION_DATE=2023-08-22T21:14:51.004725+00:00
AIRFLOW_CTX_TRY_NUMBER=1
AIRFLOW_CTX_DAG_RUN_ID=manual__2023-08-22T21:14:51.004725+00:00
[2023-08-22 21:14:59,288] {python.py:173} INFO - Done. Returned value was: None
[2023-08-22 21:14:59,302] {taskinstance.py:1420} INFO - Marking task as SUCCESS. dag_id=ETL_products, task_id=transformar_data, execution_date=20230822T211451, start_date=20230822T211458, end_date=20230822T211459
[2023-08-22 21:14:59,348] {local_task_job.py:156} INFO - Task exited with return code 0
[2023-08-22 21:14:59,382] {local_task_job.py:273} INFO - 1 downstream tasks scheduled from follow-on schedule check
