[2023-09-06 18:46:05,933] {taskinstance.py:1179} INFO - Dependencies all met for <TaskInstance: ETL_products.transformar_data manual__2023-09-06T18:32:38.261263+00:00 [queued]>
[2023-09-06 18:46:05,939] {taskinstance.py:1179} INFO - Dependencies all met for <TaskInstance: ETL_products.transformar_data manual__2023-09-06T18:32:38.261263+00:00 [queued]>
[2023-09-06 18:46:05,941] {taskinstance.py:1376} INFO - 
--------------------------------------------------------------------------------
[2023-09-06 18:46:05,941] {taskinstance.py:1377} INFO - Starting attempt 1 of 4
[2023-09-06 18:46:05,942] {taskinstance.py:1378} INFO - 
--------------------------------------------------------------------------------
[2023-09-06 18:46:05,957] {taskinstance.py:1397} INFO - Executing <Task(PythonOperator): transformar_data> on 2023-09-06 18:32:38.261263+00:00
[2023-09-06 18:46:05,963] {standard_task_runner.py:52} INFO - Started process 198 to run task
[2023-09-06 18:46:05,969] {standard_task_runner.py:79} INFO - Running: ['***', 'tasks', 'run', 'ETL_products', 'transformar_data', 'manual__2023-09-06T18:32:38.261263+00:00', '--job-id', '69', '--raw', '--subdir', 'DAGS_FOLDER/etl.py', '--cfg-path', '/tmp/tmpzmrhamgt', '--error-file', '/tmp/tmpkthii371']
[2023-09-06 18:46:05,970] {standard_task_runner.py:80} INFO - Job 69: Subtask transformar_data
[2023-09-06 18:46:06,027] {task_command.py:371} INFO - Running <TaskInstance: ETL_products.transformar_data manual__2023-09-06T18:32:38.261263+00:00 [running]> on host 04ca621f86f5
[2023-09-06 18:46:06,081] {taskinstance.py:1591} INFO - Exporting the following env vars:
AIRFLOW_CTX_DAG_OWNER=Sol
AIRFLOW_CTX_DAG_ID=ETL_products
AIRFLOW_CTX_TASK_ID=transformar_data
AIRFLOW_CTX_EXECUTION_DATE=2023-09-06T18:32:38.261263+00:00
AIRFLOW_CTX_TRY_NUMBER=1
AIRFLOW_CTX_DAG_RUN_ID=manual__2023-09-06T18:32:38.261263+00:00
[2023-09-06 18:46:06,113] {python.py:173} INFO - Done. Returned value was: 2023-09-06_transformed_data.csv
[2023-09-06 18:46:06,132] {taskinstance.py:1420} INFO - Marking task as SUCCESS. dag_id=ETL_products, task_id=transformar_data, execution_date=20230906T183238, start_date=20230906T184605, end_date=20230906T184606
[2023-09-06 18:46:06,184] {local_task_job.py:156} INFO - Task exited with return code 0
[2023-09-06 18:46:06,212] {local_task_job.py:273} INFO - 2 downstream tasks scheduled from follow-on schedule check
