[2023-08-22 23:39:20,653] {taskinstance.py:1179} INFO - Dependencies all met for <TaskInstance: ETL_products.transformar_data manual__2023-08-22T23:39:14.850038+00:00 [queued]>
[2023-08-22 23:39:20,665] {taskinstance.py:1179} INFO - Dependencies all met for <TaskInstance: ETL_products.transformar_data manual__2023-08-22T23:39:14.850038+00:00 [queued]>
[2023-08-22 23:39:20,666] {taskinstance.py:1376} INFO - 
--------------------------------------------------------------------------------
[2023-08-22 23:39:20,667] {taskinstance.py:1377} INFO - Starting attempt 1 of 4
[2023-08-22 23:39:20,668] {taskinstance.py:1378} INFO - 
--------------------------------------------------------------------------------
[2023-08-22 23:39:20,681] {taskinstance.py:1397} INFO - Executing <Task(PythonOperator): transformar_data> on 2023-08-22 23:39:14.850038+00:00
[2023-08-22 23:39:20,687] {standard_task_runner.py:52} INFO - Started process 341 to run task
[2023-08-22 23:39:20,693] {standard_task_runner.py:79} INFO - Running: ['***', 'tasks', 'run', 'ETL_products', 'transformar_data', 'manual__2023-08-22T23:39:14.850038+00:00', '--job-id', '10', '--raw', '--subdir', 'DAGS_FOLDER/etl.py', '--cfg-path', '/tmp/tmp36udptiu', '--error-file', '/tmp/tmpxdmuk5j1']
[2023-08-22 23:39:20,694] {standard_task_runner.py:80} INFO - Job 10: Subtask transformar_data
[2023-08-22 23:39:20,742] {task_command.py:371} INFO - Running <TaskInstance: ETL_products.transformar_data manual__2023-08-22T23:39:14.850038+00:00 [running]> on host 647aaf7d8bae
[2023-08-22 23:39:20,792] {taskinstance.py:1591} INFO - Exporting the following env vars:
AIRFLOW_CTX_DAG_OWNER=Sol
AIRFLOW_CTX_DAG_ID=ETL_products
AIRFLOW_CTX_TASK_ID=transformar_data
AIRFLOW_CTX_EXECUTION_DATE=2023-08-22T23:39:14.850038+00:00
AIRFLOW_CTX_TRY_NUMBER=1
AIRFLOW_CTX_DAG_RUN_ID=manual__2023-08-22T23:39:14.850038+00:00
[2023-08-22 23:39:20,822] {python.py:173} INFO - Done. Returned value was: None
[2023-08-22 23:39:20,839] {taskinstance.py:1420} INFO - Marking task as SUCCESS. dag_id=ETL_products, task_id=transformar_data, execution_date=20230822T233914, start_date=20230822T233920, end_date=20230822T233920
[2023-08-22 23:39:20,867] {local_task_job.py:156} INFO - Task exited with return code 0
[2023-08-22 23:39:20,920] {local_task_job.py:273} INFO - 1 downstream tasks scheduled from follow-on schedule check
