[2023-08-22 00:09:46,219] {taskinstance.py:1179} INFO - Dependencies all met for <TaskInstance: Products_ETL_v2.api_call scheduled__2023-08-21T00:00:00+00:00 [queued]>
[2023-08-22 00:09:46,230] {taskinstance.py:1179} INFO - Dependencies all met for <TaskInstance: Products_ETL_v2.api_call scheduled__2023-08-21T00:00:00+00:00 [queued]>
[2023-08-22 00:09:46,233] {taskinstance.py:1376} INFO - 
--------------------------------------------------------------------------------
[2023-08-22 00:09:46,235] {taskinstance.py:1377} INFO - Starting attempt 1 of 6
[2023-08-22 00:09:46,237] {taskinstance.py:1378} INFO - 
--------------------------------------------------------------------------------
[2023-08-22 00:09:46,250] {taskinstance.py:1397} INFO - Executing <Task(PythonOperator): api_call> on 2023-08-21 00:00:00+00:00
[2023-08-22 00:09:46,263] {standard_task_runner.py:52} INFO - Started process 22737 to run task
[2023-08-22 00:09:46,269] {standard_task_runner.py:79} INFO - Running: ['***', 'tasks', 'run', 'Products_ETL_v2', 'api_call', 'scheduled__2023-08-21T00:00:00+00:00', '--job-id', '107', '--raw', '--subdir', 'DAGS_FOLDER/myETL.py', '--cfg-path', '/tmp/tmp0by176w4', '--error-file', '/tmp/tmpa1jl9ffv']
[2023-08-22 00:09:46,271] {standard_task_runner.py:80} INFO - Job 107: Subtask api_call
[2023-08-22 00:09:46,356] {task_command.py:371} INFO - Running <TaskInstance: Products_ETL_v2.api_call scheduled__2023-08-21T00:00:00+00:00 [running]> on host 0110d0e687e9
[2023-08-22 00:09:46,432] {taskinstance.py:1591} INFO - Exporting the following env vars:
AIRFLOW_CTX_DAG_OWNER=Sol
AIRFLOW_CTX_DAG_ID=Products_ETL_v2
AIRFLOW_CTX_TASK_ID=api_call
AIRFLOW_CTX_EXECUTION_DATE=2023-08-21T00:00:00+00:00
AIRFLOW_CTX_TRY_NUMBER=1
AIRFLOW_CTX_DAG_RUN_ID=scheduled__2023-08-21T00:00:00+00:00
[2023-08-22 00:09:49,582] {python.py:173} INFO - Done. Returned value was: None
[2023-08-22 00:09:49,619] {taskinstance.py:1420} INFO - Marking task as SUCCESS. dag_id=Products_ETL_v2, task_id=api_call, execution_date=20230821T000000, start_date=20230822T000946, end_date=20230822T000949
[2023-08-22 00:09:49,687] {local_task_job.py:156} INFO - Task exited with return code 0
[2023-08-22 00:09:49,744] {local_task_job.py:273} INFO - 0 downstream tasks scheduled from follow-on schedule check
