[2023-08-22 21:15:00,586] {taskinstance.py:1179} INFO - Dependencies all met for <TaskInstance: ETL_products.comprobar_conexion manual__2023-08-22T21:14:51.004725+00:00 [queued]>
[2023-08-22 21:15:00,594] {taskinstance.py:1179} INFO - Dependencies all met for <TaskInstance: ETL_products.comprobar_conexion manual__2023-08-22T21:14:51.004725+00:00 [queued]>
[2023-08-22 21:15:00,594] {taskinstance.py:1376} INFO - 
--------------------------------------------------------------------------------
[2023-08-22 21:15:00,595] {taskinstance.py:1377} INFO - Starting attempt 1 of 4
[2023-08-22 21:15:00,595] {taskinstance.py:1378} INFO - 
--------------------------------------------------------------------------------
[2023-08-22 21:15:00,605] {taskinstance.py:1397} INFO - Executing <Task(PythonOperator): comprobar_conexion> on 2023-08-22 21:14:51.004725+00:00
[2023-08-22 21:15:00,614] {standard_task_runner.py:52} INFO - Started process 715 to run task
[2023-08-22 21:15:00,619] {standard_task_runner.py:79} INFO - Running: ['***', 'tasks', 'run', 'ETL_products', 'comprobar_conexion', 'manual__2023-08-22T21:14:51.004725+00:00', '--job-id', '4', '--raw', '--subdir', 'DAGS_FOLDER/etl.py', '--cfg-path', '/tmp/tmpzee_gj4n', '--error-file', '/tmp/tmp5v_vwl4h']
[2023-08-22 21:15:00,621] {standard_task_runner.py:80} INFO - Job 4: Subtask comprobar_conexion
[2023-08-22 21:15:00,722] {task_command.py:371} INFO - Running <TaskInstance: ETL_products.comprobar_conexion manual__2023-08-22T21:14:51.004725+00:00 [running]> on host 647aaf7d8bae
[2023-08-22 21:15:00,785] {taskinstance.py:1591} INFO - Exporting the following env vars:
AIRFLOW_CTX_DAG_OWNER=Sol
AIRFLOW_CTX_DAG_ID=ETL_products
AIRFLOW_CTX_TASK_ID=comprobar_conexion
AIRFLOW_CTX_EXECUTION_DATE=2023-08-22T21:14:51.004725+00:00
AIRFLOW_CTX_TRY_NUMBER=1
AIRFLOW_CTX_DAG_RUN_ID=manual__2023-08-22T21:14:51.004725+00:00
[2023-08-22 21:15:03,502] {logging_mixin.py:115} INFO - Connected to Redshift successfully!
[2023-08-22 21:15:03,509] {python.py:173} INFO - Done. Returned value was: None
[2023-08-22 21:15:03,589] {taskinstance.py:1420} INFO - Marking task as SUCCESS. dag_id=ETL_products, task_id=comprobar_conexion, execution_date=20230822T211451, start_date=20230822T211500, end_date=20230822T211503
[2023-08-22 21:15:03,686] {local_task_job.py:156} INFO - Task exited with return code 0
[2023-08-22 21:15:03,763] {local_task_job.py:273} INFO - 1 downstream tasks scheduled from follow-on schedule check
