[2023-08-21 21:02:31,645] {taskinstance.py:1179} INFO - Dependencies all met for <TaskInstance: Products_ETL_v2.api_call manual__2023-08-21T21:02:29.905514+00:00 [queued]>
[2023-08-21 21:02:31,653] {taskinstance.py:1179} INFO - Dependencies all met for <TaskInstance: Products_ETL_v2.api_call manual__2023-08-21T21:02:29.905514+00:00 [queued]>
[2023-08-21 21:02:31,654] {taskinstance.py:1376} INFO - 
--------------------------------------------------------------------------------
[2023-08-21 21:02:31,655] {taskinstance.py:1377} INFO - Starting attempt 1 of 6
[2023-08-21 21:02:31,656] {taskinstance.py:1378} INFO - 
--------------------------------------------------------------------------------
[2023-08-21 21:02:31,668] {taskinstance.py:1397} INFO - Executing <Task(PythonOperator): api_call> on 2023-08-21 21:02:29.905514+00:00
[2023-08-21 21:02:31,678] {standard_task_runner.py:52} INFO - Started process 14222 to run task
[2023-08-21 21:02:31,683] {standard_task_runner.py:79} INFO - Running: ['***', 'tasks', 'run', 'Products_ETL_v2', 'api_call', 'manual__2023-08-21T21:02:29.905514+00:00', '--job-id', '86', '--raw', '--subdir', 'DAGS_FOLDER/myETL.py', '--cfg-path', '/tmp/tmpwrsuu8rd', '--error-file', '/tmp/tmp4uy2ure_']
[2023-08-21 21:02:31,684] {standard_task_runner.py:80} INFO - Job 86: Subtask api_call
[2023-08-21 21:02:31,735] {task_command.py:371} INFO - Running <TaskInstance: Products_ETL_v2.api_call manual__2023-08-21T21:02:29.905514+00:00 [running]> on host 0110d0e687e9
[2023-08-21 21:02:31,785] {taskinstance.py:1591} INFO - Exporting the following env vars:
AIRFLOW_CTX_DAG_OWNER=Sol
AIRFLOW_CTX_DAG_ID=Products_ETL_v2
AIRFLOW_CTX_TASK_ID=api_call
AIRFLOW_CTX_EXECUTION_DATE=2023-08-21T21:02:29.905514+00:00
AIRFLOW_CTX_TRY_NUMBER=1
AIRFLOW_CTX_DAG_RUN_ID=manual__2023-08-21T21:02:29.905514+00:00
[2023-08-21 21:02:34,200] {python.py:173} INFO - Done. Returned value was: None
[2023-08-21 21:02:34,220] {taskinstance.py:1420} INFO - Marking task as SUCCESS. dag_id=Products_ETL_v2, task_id=api_call, execution_date=20230821T210229, start_date=20230821T210231, end_date=20230821T210234
[2023-08-21 21:02:34,269] {local_task_job.py:156} INFO - Task exited with return code 0
[2023-08-21 21:02:34,319] {local_task_job.py:273} INFO - 1 downstream tasks scheduled from follow-on schedule check
