[2023-08-22 15:11:10,072] {taskinstance.py:1179} INFO - Dependencies all met for <TaskInstance: new_etl.insertar_data manual__2023-08-22T15:11:01.125434+00:00 [queued]>
[2023-08-22 15:11:10,083] {taskinstance.py:1179} INFO - Dependencies all met for <TaskInstance: new_etl.insertar_data manual__2023-08-22T15:11:01.125434+00:00 [queued]>
[2023-08-22 15:11:10,084] {taskinstance.py:1376} INFO - 
--------------------------------------------------------------------------------
[2023-08-22 15:11:10,084] {taskinstance.py:1377} INFO - Starting attempt 1 of 4
[2023-08-22 15:11:10,085] {taskinstance.py:1378} INFO - 
--------------------------------------------------------------------------------
[2023-08-22 15:11:10,093] {taskinstance.py:1397} INFO - Executing <Task(PythonOperator): insertar_data> on 2023-08-22 15:11:01.125434+00:00
[2023-08-22 15:11:10,100] {standard_task_runner.py:52} INFO - Started process 12429 to run task
[2023-08-22 15:11:10,104] {standard_task_runner.py:79} INFO - Running: ['***', 'tasks', 'run', 'new_etl', 'insertar_data', 'manual__2023-08-22T15:11:01.125434+00:00', '--job-id', '190', '--raw', '--subdir', 'DAGS_FOLDER/etl2.py', '--cfg-path', '/tmp/tmp4youw9e5', '--error-file', '/tmp/tmpwj8_udxb']
[2023-08-22 15:11:10,106] {standard_task_runner.py:80} INFO - Job 190: Subtask insertar_data
[2023-08-22 15:11:10,179] {task_command.py:371} INFO - Running <TaskInstance: new_etl.insertar_data manual__2023-08-22T15:11:01.125434+00:00 [running]> on host 0110d0e687e9
[2023-08-22 15:11:10,235] {taskinstance.py:1591} INFO - Exporting the following env vars:
AIRFLOW_CTX_DAG_OWNER=Sol
AIRFLOW_CTX_DAG_ID=new_etl
AIRFLOW_CTX_TASK_ID=insertar_data
AIRFLOW_CTX_EXECUTION_DATE=2023-08-22T15:11:01.125434+00:00
AIRFLOW_CTX_TRY_NUMBER=1
AIRFLOW_CTX_DAG_RUN_ID=manual__2023-08-22T15:11:01.125434+00:00
[2023-08-22 15:11:22,094] {python.py:173} INFO - Done. Returned value was: None
[2023-08-22 15:11:22,143] {taskinstance.py:1420} INFO - Marking task as SUCCESS. dag_id=new_etl, task_id=insertar_data, execution_date=20230822T151101, start_date=20230822T151110, end_date=20230822T151122
[2023-08-22 15:11:22,204] {local_task_job.py:156} INFO - Task exited with return code 0
[2023-08-22 15:11:22,230] {local_task_job.py:273} INFO - 0 downstream tasks scheduled from follow-on schedule check
