[2023-09-06 19:01:22,420] {taskinstance.py:1179} INFO - Dependencies all met for <TaskInstance: ETL_products.enviar_confirmacion_ejecucion manual__2023-09-06T19:00:44.021852+00:00 [queued]>
[2023-09-06 19:01:22,425] {taskinstance.py:1179} INFO - Dependencies all met for <TaskInstance: ETL_products.enviar_confirmacion_ejecucion manual__2023-09-06T19:00:44.021852+00:00 [queued]>
[2023-09-06 19:01:22,425] {taskinstance.py:1376} INFO - 
--------------------------------------------------------------------------------
[2023-09-06 19:01:22,426] {taskinstance.py:1377} INFO - Starting attempt 1 of 4
[2023-09-06 19:01:22,426] {taskinstance.py:1378} INFO - 
--------------------------------------------------------------------------------
[2023-09-06 19:01:22,433] {taskinstance.py:1397} INFO - Executing <Task(PythonOperator): enviar_confirmacion_ejecucion> on 2023-09-06 19:00:44.021852+00:00
[2023-09-06 19:01:22,436] {standard_task_runner.py:52} INFO - Started process 994 to run task
[2023-09-06 19:01:22,442] {standard_task_runner.py:79} INFO - Running: ['***', 'tasks', 'run', 'ETL_products', 'enviar_confirmacion_ejecucion', 'manual__2023-09-06T19:00:44.021852+00:00', '--job-id', '91', '--raw', '--subdir', 'DAGS_FOLDER/etl.py', '--cfg-path', '/tmp/tmpwmnssm3f', '--error-file', '/tmp/tmpeeldwfac']
[2023-09-06 19:01:22,443] {standard_task_runner.py:80} INFO - Job 91: Subtask enviar_confirmacion_ejecucion
[2023-09-06 19:01:22,501] {task_command.py:371} INFO - Running <TaskInstance: ETL_products.enviar_confirmacion_ejecucion manual__2023-09-06T19:00:44.021852+00:00 [running]> on host 889c80a1bf70
[2023-09-06 19:01:22,548] {taskinstance.py:1591} INFO - Exporting the following env vars:
AIRFLOW_CTX_DAG_OWNER=Sol
AIRFLOW_CTX_DAG_ID=ETL_products
AIRFLOW_CTX_TASK_ID=enviar_confirmacion_ejecucion
AIRFLOW_CTX_EXECUTION_DATE=2023-09-06T19:00:44.021852+00:00
AIRFLOW_CTX_TRY_NUMBER=1
AIRFLOW_CTX_DAG_RUN_ID=manual__2023-09-06T19:00:44.021852+00:00
[2023-09-06 19:01:24,597] {functions.py:135} INFO - Email sent successfully!
[2023-09-06 19:01:24,604] {python.py:173} INFO - Done. Returned value was: None
[2023-09-06 19:01:24,659] {taskinstance.py:1420} INFO - Marking task as SUCCESS. dag_id=ETL_products, task_id=enviar_confirmacion_ejecucion, execution_date=20230906T190044, start_date=20230906T190122, end_date=20230906T190124
[2023-09-06 19:01:24,728] {local_task_job.py:156} INFO - Task exited with return code 0
[2023-09-06 19:01:24,780] {local_task_job.py:273} INFO - 0 downstream tasks scheduled from follow-on schedule check
