[2023-09-06 18:45:55,317] {taskinstance.py:1179} INFO - Dependencies all met for <TaskInstance: ETL_products.crear_tabla manual__2023-09-06T18:32:38.261263+00:00 [queued]>
[2023-09-06 18:45:55,336] {taskinstance.py:1179} INFO - Dependencies all met for <TaskInstance: ETL_products.crear_tabla manual__2023-09-06T18:32:38.261263+00:00 [queued]>
[2023-09-06 18:45:55,337] {taskinstance.py:1376} INFO - 
--------------------------------------------------------------------------------
[2023-09-06 18:45:55,338] {taskinstance.py:1377} INFO - Starting attempt 3 of 4
[2023-09-06 18:45:55,338] {taskinstance.py:1378} INFO - 
--------------------------------------------------------------------------------
[2023-09-06 18:45:55,369] {taskinstance.py:1397} INFO - Executing <Task(PythonOperator): crear_tabla> on 2023-09-06 18:32:38.261263+00:00
[2023-09-06 18:45:55,383] {standard_task_runner.py:52} INFO - Started process 180 to run task
[2023-09-06 18:45:55,398] {standard_task_runner.py:79} INFO - Running: ['***', 'tasks', 'run', 'ETL_products', 'crear_tabla', 'manual__2023-09-06T18:32:38.261263+00:00', '--job-id', '67', '--raw', '--subdir', 'DAGS_FOLDER/etl.py', '--cfg-path', '/tmp/tmpy6u8_ezz', '--error-file', '/tmp/tmp_qik98dw']
[2023-09-06 18:45:55,404] {standard_task_runner.py:80} INFO - Job 67: Subtask crear_tabla
[2023-09-06 18:45:55,609] {task_command.py:371} INFO - Running <TaskInstance: ETL_products.crear_tabla manual__2023-09-06T18:32:38.261263+00:00 [running]> on host 04ca621f86f5
[2023-09-06 18:45:55,730] {taskinstance.py:1591} INFO - Exporting the following env vars:
AIRFLOW_CTX_DAG_OWNER=Sol
AIRFLOW_CTX_DAG_ID=ETL_products
AIRFLOW_CTX_TASK_ID=crear_tabla
AIRFLOW_CTX_EXECUTION_DATE=2023-09-06T18:32:38.261263+00:00
AIRFLOW_CTX_TRY_NUMBER=3
AIRFLOW_CTX_DAG_RUN_ID=manual__2023-09-06T18:32:38.261263+00:00
[2023-09-06 18:45:58,578] {functions.py:26} INFO - Connected to Redshift successfully!
[2023-09-06 18:45:59,221] {functions.py:34} INFO - Table created successfully!
[2023-09-06 18:45:59,223] {python.py:173} INFO - Done. Returned value was: None
[2023-09-06 18:45:59,286] {taskinstance.py:1420} INFO - Marking task as SUCCESS. dag_id=ETL_products, task_id=crear_tabla, execution_date=20230906T183238, start_date=20230906T184555, end_date=20230906T184559
[2023-09-06 18:45:59,347] {local_task_job.py:156} INFO - Task exited with return code 0
[2023-09-06 18:45:59,418] {local_task_job.py:273} INFO - 1 downstream tasks scheduled from follow-on schedule check
