[2023-08-22 21:15:05,626] {taskinstance.py:1179} INFO - Dependencies all met for <TaskInstance: ETL_products.insertar_data manual__2023-08-22T21:14:51.004725+00:00 [queued]>
[2023-08-22 21:15:05,637] {taskinstance.py:1179} INFO - Dependencies all met for <TaskInstance: ETL_products.insertar_data manual__2023-08-22T21:14:51.004725+00:00 [queued]>
[2023-08-22 21:15:05,638] {taskinstance.py:1376} INFO - 
--------------------------------------------------------------------------------
[2023-08-22 21:15:05,638] {taskinstance.py:1377} INFO - Starting attempt 1 of 4
[2023-08-22 21:15:05,638] {taskinstance.py:1378} INFO - 
--------------------------------------------------------------------------------
[2023-08-22 21:15:05,647] {taskinstance.py:1397} INFO - Executing <Task(PythonOperator): insertar_data> on 2023-08-22 21:14:51.004725+00:00
[2023-08-22 21:15:05,663] {standard_task_runner.py:52} INFO - Started process 718 to run task
[2023-08-22 21:15:05,668] {standard_task_runner.py:79} INFO - Running: ['***', 'tasks', 'run', 'ETL_products', 'insertar_data', 'manual__2023-08-22T21:14:51.004725+00:00', '--job-id', '5', '--raw', '--subdir', 'DAGS_FOLDER/etl.py', '--cfg-path', '/tmp/tmpscmtjfep', '--error-file', '/tmp/tmpgwg69h3o']
[2023-08-22 21:15:05,670] {standard_task_runner.py:80} INFO - Job 5: Subtask insertar_data
[2023-08-22 21:15:05,779] {task_command.py:371} INFO - Running <TaskInstance: ETL_products.insertar_data manual__2023-08-22T21:14:51.004725+00:00 [running]> on host 647aaf7d8bae
[2023-08-22 21:15:05,837] {taskinstance.py:1591} INFO - Exporting the following env vars:
AIRFLOW_CTX_DAG_OWNER=Sol
AIRFLOW_CTX_DAG_ID=ETL_products
AIRFLOW_CTX_TASK_ID=insertar_data
AIRFLOW_CTX_EXECUTION_DATE=2023-08-22T21:14:51.004725+00:00
AIRFLOW_CTX_TRY_NUMBER=1
AIRFLOW_CTX_DAG_RUN_ID=manual__2023-08-22T21:14:51.004725+00:00
[2023-08-22 21:15:18,494] {python.py:173} INFO - Done. Returned value was: None
[2023-08-22 21:15:18,576] {taskinstance.py:1420} INFO - Marking task as SUCCESS. dag_id=ETL_products, task_id=insertar_data, execution_date=20230822T211451, start_date=20230822T211505, end_date=20230822T211518
[2023-08-22 21:15:18,670] {local_task_job.py:156} INFO - Task exited with return code 0
[2023-08-22 21:15:18,768] {local_task_job.py:273} INFO - 0 downstream tasks scheduled from follow-on schedule check
