[2023-09-06 18:51:02,640] {taskinstance.py:1179} INFO - Dependencies all met for <TaskInstance: ETL_products.transformar_data manual__2023-09-06T18:50:53.105741+00:00 [queued]>
[2023-09-06 18:51:02,645] {taskinstance.py:1179} INFO - Dependencies all met for <TaskInstance: ETL_products.transformar_data manual__2023-09-06T18:50:53.105741+00:00 [queued]>
[2023-09-06 18:51:02,646] {taskinstance.py:1376} INFO - 
--------------------------------------------------------------------------------
[2023-09-06 18:51:02,646] {taskinstance.py:1377} INFO - Starting attempt 1 of 4
[2023-09-06 18:51:02,647] {taskinstance.py:1378} INFO - 
--------------------------------------------------------------------------------
[2023-09-06 18:51:02,654] {taskinstance.py:1397} INFO - Executing <Task(PythonOperator): transformar_data> on 2023-09-06 18:50:53.105741+00:00
[2023-09-06 18:51:02,658] {standard_task_runner.py:52} INFO - Started process 247 to run task
[2023-09-06 18:51:02,661] {standard_task_runner.py:79} INFO - Running: ['***', 'tasks', 'run', 'ETL_products', 'transformar_data', 'manual__2023-09-06T18:50:53.105741+00:00', '--job-id', '76', '--raw', '--subdir', 'DAGS_FOLDER/etl.py', '--cfg-path', '/tmp/tmp35mjkhg8', '--error-file', '/tmp/tmpepv1i42m']
[2023-09-06 18:51:02,662] {standard_task_runner.py:80} INFO - Job 76: Subtask transformar_data
[2023-09-06 18:51:02,770] {task_command.py:371} INFO - Running <TaskInstance: ETL_products.transformar_data manual__2023-09-06T18:50:53.105741+00:00 [running]> on host 889c80a1bf70
[2023-09-06 18:51:02,845] {taskinstance.py:1591} INFO - Exporting the following env vars:
AIRFLOW_CTX_DAG_OWNER=Sol
AIRFLOW_CTX_DAG_ID=ETL_products
AIRFLOW_CTX_TASK_ID=transformar_data
AIRFLOW_CTX_EXECUTION_DATE=2023-09-06T18:50:53.105741+00:00
AIRFLOW_CTX_TRY_NUMBER=1
AIRFLOW_CTX_DAG_RUN_ID=manual__2023-09-06T18:50:53.105741+00:00
[2023-09-06 18:51:02,878] {python.py:173} INFO - Done. Returned value was: 2023-09-06_transformed_data.csv
[2023-09-06 18:51:02,901] {taskinstance.py:1420} INFO - Marking task as SUCCESS. dag_id=ETL_products, task_id=transformar_data, execution_date=20230906T185053, start_date=20230906T185102, end_date=20230906T185102
[2023-09-06 18:51:02,960] {local_task_job.py:156} INFO - Task exited with return code 0
[2023-09-06 18:51:02,990] {local_task_job.py:273} INFO - 2 downstream tasks scheduled from follow-on schedule check
