[2023-08-22 14:34:09,147] {taskinstance.py:1179} INFO - Dependencies all met for <TaskInstance: new_etl.transformar_data manual__2023-08-22T14:31:02.170615+00:00 [queued]>
[2023-08-22 14:34:09,153] {taskinstance.py:1179} INFO - Dependencies all met for <TaskInstance: new_etl.transformar_data manual__2023-08-22T14:31:02.170615+00:00 [queued]>
[2023-08-22 14:34:09,154] {taskinstance.py:1376} INFO - 
--------------------------------------------------------------------------------
[2023-08-22 14:34:09,155] {taskinstance.py:1377} INFO - Starting attempt 2 of 4
[2023-08-22 14:34:09,155] {taskinstance.py:1378} INFO - 
--------------------------------------------------------------------------------
[2023-08-22 14:34:09,164] {taskinstance.py:1397} INFO - Executing <Task(PythonOperator): transformar_data> on 2023-08-22 14:31:02.170615+00:00
[2023-08-22 14:34:09,173] {standard_task_runner.py:52} INFO - Started process 7493 to run task
[2023-08-22 14:34:09,177] {standard_task_runner.py:79} INFO - Running: ['***', 'tasks', 'run', 'new_etl', 'transformar_data', 'manual__2023-08-22T14:31:02.170615+00:00', '--job-id', '176', '--raw', '--subdir', 'DAGS_FOLDER/etl2.py', '--cfg-path', '/tmp/tmppxskcruj', '--error-file', '/tmp/tmpkh2vnmpe']
[2023-08-22 14:34:09,178] {standard_task_runner.py:80} INFO - Job 176: Subtask transformar_data
[2023-08-22 14:34:09,256] {task_command.py:371} INFO - Running <TaskInstance: new_etl.transformar_data manual__2023-08-22T14:31:02.170615+00:00 [running]> on host 0110d0e687e9
[2023-08-22 14:34:09,310] {taskinstance.py:1591} INFO - Exporting the following env vars:
AIRFLOW_CTX_DAG_OWNER=Sol
AIRFLOW_CTX_DAG_ID=new_etl
AIRFLOW_CTX_TASK_ID=transformar_data
AIRFLOW_CTX_EXECUTION_DATE=2023-08-22T14:31:02.170615+00:00
AIRFLOW_CTX_TRY_NUMBER=2
AIRFLOW_CTX_DAG_RUN_ID=manual__2023-08-22T14:31:02.170615+00:00
[2023-08-22 14:34:09,328] {python.py:173} INFO - Done. Returned value was: None
[2023-08-22 14:34:09,348] {taskinstance.py:1420} INFO - Marking task as SUCCESS. dag_id=new_etl, task_id=transformar_data, execution_date=20230822T143102, start_date=20230822T143409, end_date=20230822T143409
[2023-08-22 14:34:09,389] {local_task_job.py:156} INFO - Task exited with return code 0
[2023-08-22 14:34:09,426] {local_task_job.py:273} INFO - 1 downstream tasks scheduled from follow-on schedule check
