[2023-08-22 14:31:03,684] {taskinstance.py:1179} INFO - Dependencies all met for <TaskInstance: new_etl.extraer_data manual__2023-08-22T14:31:02.170615+00:00 [queued]>
[2023-08-22 14:31:03,691] {taskinstance.py:1179} INFO - Dependencies all met for <TaskInstance: new_etl.extraer_data manual__2023-08-22T14:31:02.170615+00:00 [queued]>
[2023-08-22 14:31:03,692] {taskinstance.py:1376} INFO - 
--------------------------------------------------------------------------------
[2023-08-22 14:31:03,693] {taskinstance.py:1377} INFO - Starting attempt 1 of 4
[2023-08-22 14:31:03,693] {taskinstance.py:1378} INFO - 
--------------------------------------------------------------------------------
[2023-08-22 14:31:03,706] {taskinstance.py:1397} INFO - Executing <Task(PythonOperator): extraer_data> on 2023-08-22 14:31:02.170615+00:00
[2023-08-22 14:31:03,742] {standard_task_runner.py:52} INFO - Started process 7073 to run task
[2023-08-22 14:31:03,748] {standard_task_runner.py:79} INFO - Running: ['***', 'tasks', 'run', 'new_etl', 'extraer_data', 'manual__2023-08-22T14:31:02.170615+00:00', '--job-id', '166', '--raw', '--subdir', 'DAGS_FOLDER/etl2.py', '--cfg-path', '/tmp/tmp6slichas', '--error-file', '/tmp/tmplb3cjfpm']
[2023-08-22 14:31:03,751] {standard_task_runner.py:80} INFO - Job 166: Subtask extraer_data
[2023-08-22 14:31:03,834] {task_command.py:371} INFO - Running <TaskInstance: new_etl.extraer_data manual__2023-08-22T14:31:02.170615+00:00 [running]> on host 0110d0e687e9
[2023-08-22 14:31:03,945] {taskinstance.py:1591} INFO - Exporting the following env vars:
AIRFLOW_CTX_DAG_OWNER=Sol
AIRFLOW_CTX_DAG_ID=new_etl
AIRFLOW_CTX_TASK_ID=extraer_data
AIRFLOW_CTX_EXECUTION_DATE=2023-08-22T14:31:02.170615+00:00
AIRFLOW_CTX_TRY_NUMBER=1
AIRFLOW_CTX_DAG_RUN_ID=manual__2023-08-22T14:31:02.170615+00:00
[2023-08-22 14:31:05,658] {python.py:173} INFO - Done. Returned value was: None
[2023-08-22 14:31:05,718] {taskinstance.py:1420} INFO - Marking task as SUCCESS. dag_id=new_etl, task_id=extraer_data, execution_date=20230822T143102, start_date=20230822T143103, end_date=20230822T143105
[2023-08-22 14:31:05,783] {local_task_job.py:156} INFO - Task exited with return code 0
[2023-08-22 14:31:05,849] {local_task_job.py:273} INFO - 1 downstream tasks scheduled from follow-on schedule check
