[2023-08-22 13:37:34,992] {taskinstance.py:1179} INFO - Dependencies all met for <TaskInstance: new_etl.extraer_data manual__2023-08-22T13:34:19.381785+00:00 [queued]>
[2023-08-22 13:37:35,247] {taskinstance.py:1179} INFO - Dependencies all met for <TaskInstance: new_etl.extraer_data manual__2023-08-22T13:34:19.381785+00:00 [queued]>
[2023-08-22 13:37:35,250] {taskinstance.py:1376} INFO - 
--------------------------------------------------------------------------------
[2023-08-22 13:37:35,263] {taskinstance.py:1377} INFO - Starting attempt 2 of 4
[2023-08-22 13:37:35,292] {taskinstance.py:1378} INFO - 
--------------------------------------------------------------------------------
[2023-08-22 13:37:35,600] {taskinstance.py:1397} INFO - Executing <Task(PythonOperator): extraer_data> on 2023-08-22 13:34:19.381785+00:00
[2023-08-22 13:37:35,764] {standard_task_runner.py:52} INFO - Started process 188 to run task
[2023-08-22 13:37:35,834] {standard_task_runner.py:79} INFO - Running: ['***', 'tasks', 'run', 'new_etl', 'extraer_data', 'manual__2023-08-22T13:34:19.381785+00:00', '--job-id', '132', '--raw', '--subdir', 'DAGS_FOLDER/etl2.py', '--cfg-path', '/tmp/tmp5ooi6qhi', '--error-file', '/tmp/tmp242zs4td']
[2023-08-22 13:37:35,842] {standard_task_runner.py:80} INFO - Job 132: Subtask extraer_data
[2023-08-22 13:37:36,202] {task_command.py:371} INFO - Running <TaskInstance: new_etl.extraer_data manual__2023-08-22T13:34:19.381785+00:00 [running]> on host 0110d0e687e9
[2023-08-22 13:37:36,465] {taskinstance.py:1591} INFO - Exporting the following env vars:
AIRFLOW_CTX_DAG_OWNER=Sol
AIRFLOW_CTX_DAG_ID=new_etl
AIRFLOW_CTX_TASK_ID=extraer_data
AIRFLOW_CTX_EXECUTION_DATE=2023-08-22T13:34:19.381785+00:00
AIRFLOW_CTX_TRY_NUMBER=2
AIRFLOW_CTX_DAG_RUN_ID=manual__2023-08-22T13:34:19.381785+00:00
[2023-08-22 13:37:40,778] {taskinstance.py:1909} ERROR - Task failed with exception
Traceback (most recent call last):
  File "/home/airflow/.local/lib/python3.7/site-packages/airflow/operators/python.py", line 171, in execute
    return_value = self.execute_callable()
  File "/home/airflow/.local/lib/python3.7/site-packages/airflow/operators/python.py", line 189, in execute_callable
    return self.python_callable(*self.op_args, **self.op_kwargs)
  File "/opt/airflow/dags/function_etl.py", line 43, in extraer_data
    with open(dag_path+'/airflow/airflow-docker/raw_data/'+"data.json", "w") as json_file:
FileNotFoundError: [Errno 2] No such file or directory: '/opt/airflow/airflow/airflow-docker/raw_data/data.json'
[2023-08-22 13:37:40,850] {taskinstance.py:1420} INFO - Marking task as UP_FOR_RETRY. dag_id=new_etl, task_id=extraer_data, execution_date=20230822T133419, start_date=20230822T133735, end_date=20230822T133740
[2023-08-22 13:37:41,720] {standard_task_runner.py:97} ERROR - Failed to execute job 132 for task extraer_data ([Errno 2] No such file or directory: '/opt/airflow/airflow/airflow-docker/raw_data/data.json'; 188)
[2023-08-22 13:37:41,800] {local_task_job.py:156} INFO - Task exited with return code 1
[2023-08-22 13:37:41,953] {local_task_job.py:273} INFO - 0 downstream tasks scheduled from follow-on schedule check
