[2023-09-06 18:46:01,107] {taskinstance.py:1179} INFO - Dependencies all met for <TaskInstance: ETL_products.extraer_data manual__2023-09-06T18:32:38.261263+00:00 [queued]>
[2023-09-06 18:46:01,118] {taskinstance.py:1179} INFO - Dependencies all met for <TaskInstance: ETL_products.extraer_data manual__2023-09-06T18:32:38.261263+00:00 [queued]>
[2023-09-06 18:46:01,119] {taskinstance.py:1376} INFO - 
--------------------------------------------------------------------------------
[2023-09-06 18:46:01,120] {taskinstance.py:1377} INFO - Starting attempt 1 of 4
[2023-09-06 18:46:01,121] {taskinstance.py:1378} INFO - 
--------------------------------------------------------------------------------
[2023-09-06 18:46:01,163] {taskinstance.py:1397} INFO - Executing <Task(PythonOperator): extraer_data> on 2023-09-06 18:32:38.261263+00:00
[2023-09-06 18:46:01,177] {standard_task_runner.py:52} INFO - Started process 183 to run task
[2023-09-06 18:46:01,183] {standard_task_runner.py:79} INFO - Running: ['***', 'tasks', 'run', 'ETL_products', 'extraer_data', 'manual__2023-09-06T18:32:38.261263+00:00', '--job-id', '68', '--raw', '--subdir', 'DAGS_FOLDER/etl.py', '--cfg-path', '/tmp/tmp5ch8xgq7', '--error-file', '/tmp/tmpc90c33mv']
[2023-09-06 18:46:01,186] {standard_task_runner.py:80} INFO - Job 68: Subtask extraer_data
[2023-09-06 18:46:01,275] {task_command.py:371} INFO - Running <TaskInstance: ETL_products.extraer_data manual__2023-09-06T18:32:38.261263+00:00 [running]> on host 04ca621f86f5
[2023-09-06 18:46:01,366] {taskinstance.py:1591} INFO - Exporting the following env vars:
AIRFLOW_CTX_DAG_OWNER=Sol
AIRFLOW_CTX_DAG_ID=ETL_products
AIRFLOW_CTX_TASK_ID=extraer_data
AIRFLOW_CTX_EXECUTION_DATE=2023-09-06T18:32:38.261263+00:00
AIRFLOW_CTX_TRY_NUMBER=1
AIRFLOW_CTX_DAG_RUN_ID=manual__2023-09-06T18:32:38.261263+00:00
[2023-09-06 18:46:05,137] {python.py:173} INFO - Done. Returned value was: 2023-09-06_raw_data.csv
[2023-09-06 18:46:05,193] {taskinstance.py:1420} INFO - Marking task as SUCCESS. dag_id=ETL_products, task_id=extraer_data, execution_date=20230906T183238, start_date=20230906T184601, end_date=20230906T184605
[2023-09-06 18:46:05,247] {local_task_job.py:156} INFO - Task exited with return code 0
[2023-09-06 18:46:05,360] {local_task_job.py:273} INFO - 1 downstream tasks scheduled from follow-on schedule check
