[2023-08-22 12:55:10,463] {taskinstance.py:1179} INFO - Dependencies all met for <TaskInstance: Products_ETL_v2.api_call manual__2023-08-22T12:55:08.234545+00:00 [queued]>
[2023-08-22 12:55:10,472] {taskinstance.py:1179} INFO - Dependencies all met for <TaskInstance: Products_ETL_v2.api_call manual__2023-08-22T12:55:08.234545+00:00 [queued]>
[2023-08-22 12:55:10,473] {taskinstance.py:1376} INFO - 
--------------------------------------------------------------------------------
[2023-08-22 12:55:10,474] {taskinstance.py:1377} INFO - Starting attempt 1 of 6
[2023-08-22 12:55:10,475] {taskinstance.py:1378} INFO - 
--------------------------------------------------------------------------------
[2023-08-22 12:55:10,484] {taskinstance.py:1397} INFO - Executing <Task(PythonOperator): api_call> on 2023-08-22 12:55:08.234545+00:00
[2023-08-22 12:55:10,494] {standard_task_runner.py:52} INFO - Started process 58522 to run task
[2023-08-22 12:55:10,504] {standard_task_runner.py:79} INFO - Running: ['***', 'tasks', 'run', 'Products_ETL_v2', 'api_call', 'manual__2023-08-22T12:55:08.234545+00:00', '--job-id', '114', '--raw', '--subdir', 'DAGS_FOLDER/myETL.py', '--cfg-path', '/tmp/tmp00ek6cg4', '--error-file', '/tmp/tmplp7b1os_']
[2023-08-22 12:55:10,511] {standard_task_runner.py:80} INFO - Job 114: Subtask api_call
[2023-08-22 12:55:10,583] {task_command.py:371} INFO - Running <TaskInstance: Products_ETL_v2.api_call manual__2023-08-22T12:55:08.234545+00:00 [running]> on host 0110d0e687e9
[2023-08-22 12:55:10,651] {taskinstance.py:1591} INFO - Exporting the following env vars:
AIRFLOW_CTX_DAG_OWNER=Sol
AIRFLOW_CTX_DAG_ID=Products_ETL_v2
AIRFLOW_CTX_TASK_ID=api_call
AIRFLOW_CTX_EXECUTION_DATE=2023-08-22T12:55:08.234545+00:00
AIRFLOW_CTX_TRY_NUMBER=1
AIRFLOW_CTX_DAG_RUN_ID=manual__2023-08-22T12:55:08.234545+00:00
[2023-08-22 12:55:12,662] {python.py:173} INFO - Done. Returned value was: None
[2023-08-22 12:55:12,685] {taskinstance.py:1420} INFO - Marking task as SUCCESS. dag_id=Products_ETL_v2, task_id=api_call, execution_date=20230822T125508, start_date=20230822T125510, end_date=20230822T125512
[2023-08-22 12:55:12,734] {local_task_job.py:156} INFO - Task exited with return code 0
[2023-08-22 12:55:12,790] {local_task_job.py:273} INFO - 1 downstream tasks scheduled from follow-on schedule check
