[2023-08-21 14:33:16,356] {taskinstance.py:1179} INFO - Dependencies all met for <TaskInstance: Products_ETL.get_data manual__2023-08-18T20:04:09.740595+00:00 [queued]>
[2023-08-21 14:33:16,493] {taskinstance.py:1179} INFO - Dependencies all met for <TaskInstance: Products_ETL.get_data manual__2023-08-18T20:04:09.740595+00:00 [queued]>
[2023-08-21 14:33:16,494] {taskinstance.py:1376} INFO - 
--------------------------------------------------------------------------------
[2023-08-21 14:33:16,494] {taskinstance.py:1377} INFO - Starting attempt 6 of 6
[2023-08-21 14:33:16,495] {taskinstance.py:1378} INFO - 
--------------------------------------------------------------------------------
[2023-08-21 14:33:16,623] {taskinstance.py:1397} INFO - Executing <Task(PythonOperator): get_data> on 2023-08-18 20:04:09.740595+00:00
[2023-08-21 14:33:16,740] {standard_task_runner.py:52} INFO - Started process 197 to run task
[2023-08-21 14:33:16,987] {standard_task_runner.py:79} INFO - Running: ['***', 'tasks', 'run', 'Products_ETL', 'get_data', 'manual__2023-08-18T20:04:09.740595+00:00', '--job-id', '46', '--raw', '--subdir', 'DAGS_FOLDER/etl.py', '--cfg-path', '/tmp/tmp4818kfqj', '--error-file', '/tmp/tmp4004qaiz']
[2023-08-21 14:33:16,992] {standard_task_runner.py:80} INFO - Job 46: Subtask get_data
[2023-08-21 14:33:18,942] {task_command.py:371} INFO - Running <TaskInstance: Products_ETL.get_data manual__2023-08-18T20:04:09.740595+00:00 [running]> on host 0110d0e687e9
[2023-08-21 14:33:20,706] {taskinstance.py:1591} INFO - Exporting the following env vars:
AIRFLOW_CTX_DAG_OWNER=Sol
AIRFLOW_CTX_DAG_ID=Products_ETL
AIRFLOW_CTX_TASK_ID=get_data
AIRFLOW_CTX_EXECUTION_DATE=2023-08-18T20:04:09.740595+00:00
AIRFLOW_CTX_TRY_NUMBER=6
AIRFLOW_CTX_DAG_RUN_ID=manual__2023-08-18T20:04:09.740595+00:00
[2023-08-21 14:33:20,743] {taskinstance.py:1909} ERROR - Task failed with exception
Traceback (most recent call last):
  File "/home/airflow/.local/lib/python3.7/site-packages/airflow/operators/python.py", line 171, in execute
    return_value = self.execute_callable()
  File "/home/airflow/.local/lib/python3.7/site-packages/airflow/operators/python.py", line 189, in execute_callable
    return self.python_callable(*self.op_args, **self.op_kwargs)
TypeError: get_and_transform_Data() missing 1 required positional argument: 'pages'
[2023-08-21 14:33:20,830] {taskinstance.py:1420} INFO - Marking task as FAILED. dag_id=Products_ETL, task_id=get_data, execution_date=20230818T200409, start_date=20230821T143316, end_date=20230821T143320
[2023-08-21 14:33:21,000] {standard_task_runner.py:97} ERROR - Failed to execute job 46 for task get_data (get_and_transform_Data() missing 1 required positional argument: 'pages'; 197)
[2023-08-21 14:33:21,294] {local_task_job.py:156} INFO - Task exited with return code 1
[2023-08-21 14:33:21,716] {dagrun.py:1081} ERROR - Failed to get task '<TaskInstance: Products_ETL.get_number_pages manual__2023-08-18T20:04:09.740595+00:00 [removed]>' for dag 'Products_ETL'. Marking it as removed.
[2023-08-21 14:33:21,734] {local_task_job.py:273} INFO - 0 downstream tasks scheduled from follow-on schedule check
[2023-08-21 14:33:21,833] {dagrun.py:1081} ERROR - Failed to get task '<TaskInstance: Products_ETL.get_number_pages manual__2023-08-18T20:04:09.740595+00:00 [removed]>' for dag 'Products_ETL'. Marking it as removed.
[2023-08-21 14:33:21,835] {dagrun.py:549} ERROR - Marking run <DagRun Products_ETL @ 2023-08-18 20:04:09.740595+00:00: manual__2023-08-18T20:04:09.740595+00:00, externally triggered: True> failed
[2023-08-21 14:33:21,842] {dagrun.py:624} INFO - DagRun Finished: dag_id=Products_ETL, execution_date=2023-08-18 20:04:09.740595+00:00, run_id=manual__2023-08-18T20:04:09.740595+00:00, run_start_date=2023-08-18 20:04:09.890123+00:00, run_end_date=2023-08-21 14:33:21.841403+00:00, run_duration=239351.95128, state=failed, external_trigger=True, run_type=manual, data_interval_start=2023-08-17 00:00:00+00:00, data_interval_end=2023-08-18 00:00:00+00:00, dag_hash=55cd775970a160c77239f4c69934f7dc
