[2023-09-06 18:46:17,570] {taskinstance.py:1179} INFO - Dependencies all met for <TaskInstance: ETL_products.enviar_confirmacion_ejecucion manual__2023-09-06T18:32:38.261263+00:00 [queued]>
[2023-09-06 18:46:17,588] {taskinstance.py:1179} INFO - Dependencies all met for <TaskInstance: ETL_products.enviar_confirmacion_ejecucion manual__2023-09-06T18:32:38.261263+00:00 [queued]>
[2023-09-06 18:46:17,590] {taskinstance.py:1376} INFO - 
--------------------------------------------------------------------------------
[2023-09-06 18:46:17,590] {taskinstance.py:1377} INFO - Starting attempt 1 of 4
[2023-09-06 18:46:17,592] {taskinstance.py:1378} INFO - 
--------------------------------------------------------------------------------
[2023-09-06 18:46:17,607] {taskinstance.py:1397} INFO - Executing <Task(PythonOperator): enviar_confirmacion_ejecucion> on 2023-09-06 18:32:38.261263+00:00
[2023-09-06 18:46:17,623] {standard_task_runner.py:52} INFO - Started process 219 to run task
[2023-09-06 18:46:17,630] {standard_task_runner.py:79} INFO - Running: ['***', 'tasks', 'run', 'ETL_products', 'enviar_confirmacion_ejecucion', 'manual__2023-09-06T18:32:38.261263+00:00', '--job-id', '72', '--raw', '--subdir', 'DAGS_FOLDER/etl.py', '--cfg-path', '/tmp/tmpus_vpmhp', '--error-file', '/tmp/tmpme4t371f']
[2023-09-06 18:46:17,632] {standard_task_runner.py:80} INFO - Job 72: Subtask enviar_confirmacion_ejecucion
[2023-09-06 18:46:17,770] {task_command.py:371} INFO - Running <TaskInstance: ETL_products.enviar_confirmacion_ejecucion manual__2023-09-06T18:32:38.261263+00:00 [running]> on host 04ca621f86f5
[2023-09-06 18:46:17,886] {taskinstance.py:1591} INFO - Exporting the following env vars:
AIRFLOW_CTX_DAG_OWNER=Sol
AIRFLOW_CTX_DAG_ID=ETL_products
AIRFLOW_CTX_TASK_ID=enviar_confirmacion_ejecucion
AIRFLOW_CTX_EXECUTION_DATE=2023-09-06T18:32:38.261263+00:00
AIRFLOW_CTX_TRY_NUMBER=1
AIRFLOW_CTX_DAG_RUN_ID=manual__2023-09-06T18:32:38.261263+00:00
[2023-09-06 18:46:19,917] {functions.py:134} INFO - Email sent successfully!
[2023-09-06 18:46:19,924] {python.py:173} INFO - Done. Returned value was: None
[2023-09-06 18:46:19,972] {taskinstance.py:1420} INFO - Marking task as SUCCESS. dag_id=ETL_products, task_id=enviar_confirmacion_ejecucion, execution_date=20230906T183238, start_date=20230906T184617, end_date=20230906T184619
[2023-09-06 18:46:20,058] {local_task_job.py:156} INFO - Task exited with return code 0
[2023-09-06 18:46:20,172] {local_task_job.py:273} INFO - 0 downstream tasks scheduled from follow-on schedule check
