[2023-09-06 18:46:06,996] {taskinstance.py:1179} INFO - Dependencies all met for <TaskInstance: ETL_products.envio_alerta manual__2023-09-06T18:32:38.261263+00:00 [queued]>
[2023-09-06 18:46:07,002] {taskinstance.py:1179} INFO - Dependencies all met for <TaskInstance: ETL_products.envio_alerta manual__2023-09-06T18:32:38.261263+00:00 [queued]>
[2023-09-06 18:46:07,002] {taskinstance.py:1376} INFO - 
--------------------------------------------------------------------------------
[2023-09-06 18:46:07,002] {taskinstance.py:1377} INFO - Starting attempt 1 of 4
[2023-09-06 18:46:07,020] {taskinstance.py:1378} INFO - 
--------------------------------------------------------------------------------
[2023-09-06 18:46:07,034] {taskinstance.py:1397} INFO - Executing <Task(PythonOperator): envio_alerta> on 2023-09-06 18:32:38.261263+00:00
[2023-09-06 18:46:07,038] {standard_task_runner.py:52} INFO - Started process 204 to run task
[2023-09-06 18:46:07,045] {standard_task_runner.py:79} INFO - Running: ['***', 'tasks', 'run', 'ETL_products', 'envio_alerta', 'manual__2023-09-06T18:32:38.261263+00:00', '--job-id', '70', '--raw', '--subdir', 'DAGS_FOLDER/etl.py', '--cfg-path', '/tmp/tmpdpbejc8w', '--error-file', '/tmp/tmpwz1yjruj']
[2023-09-06 18:46:07,046] {standard_task_runner.py:80} INFO - Job 70: Subtask envio_alerta
[2023-09-06 18:46:07,123] {task_command.py:371} INFO - Running <TaskInstance: ETL_products.envio_alerta manual__2023-09-06T18:32:38.261263+00:00 [running]> on host 04ca621f86f5
[2023-09-06 18:46:07,219] {taskinstance.py:1591} INFO - Exporting the following env vars:
AIRFLOW_CTX_DAG_OWNER=Sol
AIRFLOW_CTX_DAG_ID=ETL_products
AIRFLOW_CTX_TASK_ID=envio_alerta
AIRFLOW_CTX_EXECUTION_DATE=2023-09-06T18:32:38.261263+00:00
AIRFLOW_CTX_TRY_NUMBER=1
AIRFLOW_CTX_DAG_RUN_ID=manual__2023-09-06T18:32:38.261263+00:00
[2023-09-06 18:46:09,357] {functions.py:102} INFO - Email sent successfully!
[2023-09-06 18:46:09,379] {python.py:173} INFO - Done. Returned value was: None
[2023-09-06 18:46:09,443] {taskinstance.py:1420} INFO - Marking task as SUCCESS. dag_id=ETL_products, task_id=envio_alerta, execution_date=20230906T183238, start_date=20230906T184606, end_date=20230906T184609
[2023-09-06 18:46:09,528] {local_task_job.py:156} INFO - Task exited with return code 0
[2023-09-06 18:46:09,606] {local_task_job.py:273} INFO - 0 downstream tasks scheduled from follow-on schedule check
