[2023-08-22 14:26:45,177] {taskinstance.py:1179} INFO - Dependencies all met for <TaskInstance: new_etl.transformar_data manual__2023-08-22T14:20:35.102438+00:00 [queued]>
[2023-08-22 14:26:45,195] {taskinstance.py:1179} INFO - Dependencies all met for <TaskInstance: new_etl.transformar_data manual__2023-08-22T14:20:35.102438+00:00 [queued]>
[2023-08-22 14:26:45,195] {taskinstance.py:1376} INFO - 
--------------------------------------------------------------------------------
[2023-08-22 14:26:45,196] {taskinstance.py:1377} INFO - Starting attempt 1 of 4
[2023-08-22 14:26:45,196] {taskinstance.py:1378} INFO - 
--------------------------------------------------------------------------------
[2023-08-22 14:26:45,216] {taskinstance.py:1397} INFO - Executing <Task(PythonOperator): transformar_data> on 2023-08-22 14:20:35.102438+00:00
[2023-08-22 14:26:45,235] {standard_task_runner.py:52} INFO - Started process 6516 to run task
[2023-08-22 14:26:45,261] {standard_task_runner.py:79} INFO - Running: ['***', 'tasks', 'run', 'new_etl', 'transformar_data', 'manual__2023-08-22T14:20:35.102438+00:00', '--job-id', '158', '--raw', '--subdir', 'DAGS_FOLDER/etl2.py', '--cfg-path', '/tmp/tmpk3v0s47a', '--error-file', '/tmp/tmpm80ag02b']
[2023-08-22 14:26:45,265] {standard_task_runner.py:80} INFO - Job 158: Subtask transformar_data
[2023-08-22 14:26:45,423] {task_command.py:371} INFO - Running <TaskInstance: new_etl.transformar_data manual__2023-08-22T14:20:35.102438+00:00 [running]> on host 0110d0e687e9
[2023-08-22 14:26:45,572] {taskinstance.py:1591} INFO - Exporting the following env vars:
AIRFLOW_CTX_DAG_OWNER=Sol
AIRFLOW_CTX_DAG_ID=new_etl
AIRFLOW_CTX_TASK_ID=transformar_data
AIRFLOW_CTX_EXECUTION_DATE=2023-08-22T14:20:35.102438+00:00
AIRFLOW_CTX_TRY_NUMBER=1
AIRFLOW_CTX_DAG_RUN_ID=manual__2023-08-22T14:20:35.102438+00:00
[2023-08-22 14:26:45,614] {python.py:173} INFO - Done. Returned value was: None
[2023-08-22 14:26:45,643] {taskinstance.py:1420} INFO - Marking task as SUCCESS. dag_id=new_etl, task_id=transformar_data, execution_date=20230822T142035, start_date=20230822T142645, end_date=20230822T142645
[2023-08-22 14:26:45,718] {local_task_job.py:156} INFO - Task exited with return code 0
[2023-08-22 14:26:45,843] {local_task_job.py:273} INFO - 1 downstream tasks scheduled from follow-on schedule check
