[2023-08-22 23:40:24,353] {taskinstance.py:1179} INFO - Dependencies all met for <TaskInstance: ETL_products.transformar_data manual__2023-08-22T23:40:18.973605+00:00 [queued]>
[2023-08-22 23:40:24,361] {taskinstance.py:1179} INFO - Dependencies all met for <TaskInstance: ETL_products.transformar_data manual__2023-08-22T23:40:18.973605+00:00 [queued]>
[2023-08-22 23:40:24,361] {taskinstance.py:1376} INFO - 
--------------------------------------------------------------------------------
[2023-08-22 23:40:24,362] {taskinstance.py:1377} INFO - Starting attempt 1 of 4
[2023-08-22 23:40:24,362] {taskinstance.py:1378} INFO - 
--------------------------------------------------------------------------------
[2023-08-22 23:40:24,370] {taskinstance.py:1397} INFO - Executing <Task(PythonOperator): transformar_data> on 2023-08-22 23:40:18.973605+00:00
[2023-08-22 23:40:24,375] {standard_task_runner.py:52} INFO - Started process 431 to run task
[2023-08-22 23:40:24,378] {standard_task_runner.py:79} INFO - Running: ['***', 'tasks', 'run', 'ETL_products', 'transformar_data', 'manual__2023-08-22T23:40:18.973605+00:00', '--job-id', '14', '--raw', '--subdir', 'DAGS_FOLDER/etl.py', '--cfg-path', '/tmp/tmpaefl9bfc', '--error-file', '/tmp/tmpk4d_vywh']
[2023-08-22 23:40:24,379] {standard_task_runner.py:80} INFO - Job 14: Subtask transformar_data
[2023-08-22 23:40:24,439] {task_command.py:371} INFO - Running <TaskInstance: ETL_products.transformar_data manual__2023-08-22T23:40:18.973605+00:00 [running]> on host 647aaf7d8bae
[2023-08-22 23:40:24,487] {taskinstance.py:1591} INFO - Exporting the following env vars:
AIRFLOW_CTX_DAG_OWNER=Sol
AIRFLOW_CTX_DAG_ID=ETL_products
AIRFLOW_CTX_TASK_ID=transformar_data
AIRFLOW_CTX_EXECUTION_DATE=2023-08-22T23:40:18.973605+00:00
AIRFLOW_CTX_TRY_NUMBER=1
AIRFLOW_CTX_DAG_RUN_ID=manual__2023-08-22T23:40:18.973605+00:00
[2023-08-22 23:40:24,501] {python.py:173} INFO - Done. Returned value was: None
[2023-08-22 23:40:24,511] {taskinstance.py:1420} INFO - Marking task as SUCCESS. dag_id=ETL_products, task_id=transformar_data, execution_date=20230822T234018, start_date=20230822T234024, end_date=20230822T234024
[2023-08-22 23:40:24,553] {local_task_job.py:156} INFO - Task exited with return code 0
[2023-08-22 23:40:24,722] {local_task_job.py:273} INFO - 1 downstream tasks scheduled from follow-on schedule check
