[2023-08-22 14:26:41,508] {taskinstance.py:1179} INFO - Dependencies all met for <TaskInstance: new_etl.extraer_data manual__2023-08-22T14:20:35.102438+00:00 [queued]>
[2023-08-22 14:26:41,515] {taskinstance.py:1179} INFO - Dependencies all met for <TaskInstance: new_etl.extraer_data manual__2023-08-22T14:20:35.102438+00:00 [queued]>
[2023-08-22 14:26:41,516] {taskinstance.py:1376} INFO - 
--------------------------------------------------------------------------------
[2023-08-22 14:26:41,517] {taskinstance.py:1377} INFO - Starting attempt 3 of 4
[2023-08-22 14:26:41,517] {taskinstance.py:1378} INFO - 
--------------------------------------------------------------------------------
[2023-08-22 14:26:41,528] {taskinstance.py:1397} INFO - Executing <Task(PythonOperator): extraer_data> on 2023-08-22 14:20:35.102438+00:00
[2023-08-22 14:26:41,540] {standard_task_runner.py:52} INFO - Started process 6506 to run task
[2023-08-22 14:26:41,544] {standard_task_runner.py:79} INFO - Running: ['***', 'tasks', 'run', 'new_etl', 'extraer_data', 'manual__2023-08-22T14:20:35.102438+00:00', '--job-id', '157', '--raw', '--subdir', 'DAGS_FOLDER/etl2.py', '--cfg-path', '/tmp/tmpakui9m44', '--error-file', '/tmp/tmp95tqhp70']
[2023-08-22 14:26:41,545] {standard_task_runner.py:80} INFO - Job 157: Subtask extraer_data
[2023-08-22 14:26:41,614] {task_command.py:371} INFO - Running <TaskInstance: new_etl.extraer_data manual__2023-08-22T14:20:35.102438+00:00 [running]> on host 0110d0e687e9
[2023-08-22 14:26:41,666] {taskinstance.py:1591} INFO - Exporting the following env vars:
AIRFLOW_CTX_DAG_OWNER=Sol
AIRFLOW_CTX_DAG_ID=new_etl
AIRFLOW_CTX_TASK_ID=extraer_data
AIRFLOW_CTX_EXECUTION_DATE=2023-08-22T14:20:35.102438+00:00
AIRFLOW_CTX_TRY_NUMBER=3
AIRFLOW_CTX_DAG_RUN_ID=manual__2023-08-22T14:20:35.102438+00:00
[2023-08-22 14:26:43,982] {python.py:173} INFO - Done. Returned value was: None
[2023-08-22 14:26:44,086] {taskinstance.py:1420} INFO - Marking task as SUCCESS. dag_id=new_etl, task_id=extraer_data, execution_date=20230822T142035, start_date=20230822T142641, end_date=20230822T142644
[2023-08-22 14:26:44,175] {local_task_job.py:156} INFO - Task exited with return code 0
[2023-08-22 14:26:44,336] {local_task_job.py:273} INFO - 0 downstream tasks scheduled from follow-on schedule check
