[2023-08-22 14:32:23,928] {taskinstance.py:1179} INFO - Dependencies all met for <TaskInstance: new_etl.extraer_data manual__2023-08-22T14:32:22.842769+00:00 [queued]>
[2023-08-22 14:32:23,937] {taskinstance.py:1179} INFO - Dependencies all met for <TaskInstance: new_etl.extraer_data manual__2023-08-22T14:32:22.842769+00:00 [queued]>
[2023-08-22 14:32:23,938] {taskinstance.py:1376} INFO - 
--------------------------------------------------------------------------------
[2023-08-22 14:32:23,939] {taskinstance.py:1377} INFO - Starting attempt 1 of 4
[2023-08-22 14:32:23,939] {taskinstance.py:1378} INFO - 
--------------------------------------------------------------------------------
[2023-08-22 14:32:23,949] {taskinstance.py:1397} INFO - Executing <Task(PythonOperator): extraer_data> on 2023-08-22 14:32:22.842769+00:00
[2023-08-22 14:32:23,960] {standard_task_runner.py:52} INFO - Started process 7245 to run task
[2023-08-22 14:32:23,964] {standard_task_runner.py:79} INFO - Running: ['***', 'tasks', 'run', 'new_etl', 'extraer_data', 'manual__2023-08-22T14:32:22.842769+00:00', '--job-id', '168', '--raw', '--subdir', 'DAGS_FOLDER/etl2.py', '--cfg-path', '/tmp/tmp8w27wx5r', '--error-file', '/tmp/tmpp2twe0ly']
[2023-08-22 14:32:23,965] {standard_task_runner.py:80} INFO - Job 168: Subtask extraer_data
[2023-08-22 14:32:24,040] {task_command.py:371} INFO - Running <TaskInstance: new_etl.extraer_data manual__2023-08-22T14:32:22.842769+00:00 [running]> on host 0110d0e687e9
[2023-08-22 14:32:24,102] {taskinstance.py:1591} INFO - Exporting the following env vars:
AIRFLOW_CTX_DAG_OWNER=Sol
AIRFLOW_CTX_DAG_ID=new_etl
AIRFLOW_CTX_TASK_ID=extraer_data
AIRFLOW_CTX_EXECUTION_DATE=2023-08-22T14:32:22.842769+00:00
AIRFLOW_CTX_TRY_NUMBER=1
AIRFLOW_CTX_DAG_RUN_ID=manual__2023-08-22T14:32:22.842769+00:00
[2023-08-22 14:32:25,788] {python.py:173} INFO - Done. Returned value was: None
[2023-08-22 14:32:25,826] {taskinstance.py:1420} INFO - Marking task as SUCCESS. dag_id=new_etl, task_id=extraer_data, execution_date=20230822T143222, start_date=20230822T143223, end_date=20230822T143225
[2023-08-22 14:32:25,852] {local_task_job.py:156} INFO - Task exited with return code 0
[2023-08-22 14:32:25,907] {local_task_job.py:273} INFO - 1 downstream tasks scheduled from follow-on schedule check
