[2023-08-21 20:55:09,434] {taskinstance.py:1179} INFO - Dependencies all met for <TaskInstance: Products_ETL_v2.get_data manual__2023-08-21T15:00:45.689440+00:00 [queued]>
[2023-08-21 20:55:09,441] {taskinstance.py:1179} INFO - Dependencies all met for <TaskInstance: Products_ETL_v2.get_data manual__2023-08-21T15:00:45.689440+00:00 [queued]>
[2023-08-21 20:55:09,442] {taskinstance.py:1376} INFO - 
--------------------------------------------------------------------------------
[2023-08-21 20:55:09,453] {taskinstance.py:1377} INFO - Starting attempt 4 of 6
[2023-08-21 20:55:09,460] {taskinstance.py:1378} INFO - 
--------------------------------------------------------------------------------
[2023-08-21 20:55:09,482] {taskinstance.py:1397} INFO - Executing <Task(PythonOperator): get_data> on 2023-08-21 15:00:45.689440+00:00
[2023-08-21 20:55:09,487] {standard_task_runner.py:52} INFO - Started process 13504 to run task
[2023-08-21 20:55:09,515] {standard_task_runner.py:79} INFO - Running: ['***', 'tasks', 'run', 'Products_ETL_v2', 'get_data', 'manual__2023-08-21T15:00:45.689440+00:00', '--job-id', '78', '--raw', '--subdir', 'DAGS_FOLDER/myETL.py', '--cfg-path', '/tmp/tmplpbm3fqv', '--error-file', '/tmp/tmpxwxy6sqo']
[2023-08-21 20:55:09,519] {standard_task_runner.py:80} INFO - Job 78: Subtask get_data
[2023-08-21 20:55:09,657] {task_command.py:371} INFO - Running <TaskInstance: Products_ETL_v2.get_data manual__2023-08-21T15:00:45.689440+00:00 [running]> on host 0110d0e687e9
[2023-08-21 20:55:09,788] {taskinstance.py:1591} INFO - Exporting the following env vars:
AIRFLOW_CTX_DAG_OWNER=Sol
AIRFLOW_CTX_DAG_ID=Products_ETL_v2
AIRFLOW_CTX_TASK_ID=get_data
AIRFLOW_CTX_EXECUTION_DATE=2023-08-21T15:00:45.689440+00:00
AIRFLOW_CTX_TRY_NUMBER=4
AIRFLOW_CTX_DAG_RUN_ID=manual__2023-08-21T15:00:45.689440+00:00
[2023-08-21 20:55:09,815] {taskinstance.py:1909} ERROR - Task failed with exception
Traceback (most recent call last):
  File "/home/airflow/.local/lib/python3.7/site-packages/airflow/operators/python.py", line 171, in execute
    return_value = self.execute_callable()
  File "/home/airflow/.local/lib/python3.7/site-packages/airflow/operators/python.py", line 189, in execute_callable
    return self.python_callable(*self.op_args, **self.op_kwargs)
  File "/opt/airflow/dags/myETL.py", line 55, in get_and_transform_data
    df.drop('descriotion', axis=1, inplace=True) # drop description column cause it always null or empty
  File "/home/airflow/.local/lib/python3.7/site-packages/pandas/util/_decorators.py", line 311, in wrapper
    return func(*args, **kwargs)
  File "/home/airflow/.local/lib/python3.7/site-packages/pandas/core/frame.py", line 4913, in drop
    errors=errors,
  File "/home/airflow/.local/lib/python3.7/site-packages/pandas/core/generic.py", line 4150, in drop
    obj = obj._drop_axis(labels, axis, level=level, errors=errors)
  File "/home/airflow/.local/lib/python3.7/site-packages/pandas/core/generic.py", line 4185, in _drop_axis
    new_axis = axis.drop(labels, errors=errors)
  File "/home/airflow/.local/lib/python3.7/site-packages/pandas/core/indexes/base.py", line 6017, in drop
    raise KeyError(f"{labels[mask]} not found in axis")
KeyError: "['descriotion'] not found in axis"
[2023-08-21 20:55:09,838] {taskinstance.py:1420} INFO - Marking task as UP_FOR_RETRY. dag_id=Products_ETL_v2, task_id=get_data, execution_date=20230821T150045, start_date=20230821T205509, end_date=20230821T205509
[2023-08-21 20:55:09,849] {standard_task_runner.py:97} ERROR - Failed to execute job 78 for task get_data ("['descriotion'] not found in axis"; 13504)
[2023-08-21 20:55:09,876] {local_task_job.py:156} INFO - Task exited with return code 1
[2023-08-21 20:55:09,993] {local_task_job.py:273} INFO - 0 downstream tasks scheduled from follow-on schedule check
