[2023-08-21 21:06:02,112] {taskinstance.py:1179} INFO - Dependencies all met for <TaskInstance: Products_ETL_v2.get_data manual__2023-08-21T20:54:45.854326+00:00 [queued]>
[2023-08-21 21:06:02,123] {taskinstance.py:1179} INFO - Dependencies all met for <TaskInstance: Products_ETL_v2.get_data manual__2023-08-21T20:54:45.854326+00:00 [queued]>
[2023-08-21 21:06:02,124] {taskinstance.py:1376} INFO - 
--------------------------------------------------------------------------------
[2023-08-21 21:06:02,125] {taskinstance.py:1377} INFO - Starting attempt 5 of 8
[2023-08-21 21:06:02,127] {taskinstance.py:1378} INFO - 
--------------------------------------------------------------------------------
[2023-08-21 21:06:02,141] {taskinstance.py:1397} INFO - Executing <Task(PythonOperator): get_data> on 2023-08-21 20:54:45.854326+00:00
[2023-08-21 21:06:02,152] {standard_task_runner.py:52} INFO - Started process 14559 to run task
[2023-08-21 21:06:02,157] {standard_task_runner.py:79} INFO - Running: ['***', 'tasks', 'run', 'Products_ETL_v2', 'get_data', 'manual__2023-08-21T20:54:45.854326+00:00', '--job-id', '91', '--raw', '--subdir', 'DAGS_FOLDER/myETL.py', '--cfg-path', '/tmp/tmpfbm6hf6e', '--error-file', '/tmp/tmpft8k8lwu']
[2023-08-21 21:06:02,158] {standard_task_runner.py:80} INFO - Job 91: Subtask get_data
[2023-08-21 21:06:02,258] {task_command.py:371} INFO - Running <TaskInstance: Products_ETL_v2.get_data manual__2023-08-21T20:54:45.854326+00:00 [running]> on host 0110d0e687e9
[2023-08-21 21:06:02,347] {taskinstance.py:1591} INFO - Exporting the following env vars:
AIRFLOW_CTX_DAG_OWNER=Sol
AIRFLOW_CTX_DAG_ID=Products_ETL_v2
AIRFLOW_CTX_TASK_ID=get_data
AIRFLOW_CTX_EXECUTION_DATE=2023-08-21T20:54:45.854326+00:00
AIRFLOW_CTX_TRY_NUMBER=5
AIRFLOW_CTX_DAG_RUN_ID=manual__2023-08-21T20:54:45.854326+00:00
[2023-08-21 21:06:02,360] {taskinstance.py:1909} ERROR - Task failed with exception
Traceback (most recent call last):
  File "/home/airflow/.local/lib/python3.7/site-packages/airflow/operators/python.py", line 171, in execute
    return_value = self.execute_callable()
  File "/home/airflow/.local/lib/python3.7/site-packages/airflow/operators/python.py", line 189, in execute_callable
    return self.python_callable(*self.op_args, **self.op_kwargs)
  File "/opt/airflow/dags/myETL.py", line 53, in get_and_transform_data
    df = pd.json_normalize(products_flat, max_level=1, sep='_')
  File "/home/airflow/.local/lib/python3.7/site-packages/pandas/io/json/_normalize.py", line 438, in _json_normalize
    if any([isinstance(x, dict) for x in y.values()] for y in data):
  File "/home/airflow/.local/lib/python3.7/site-packages/pandas/io/json/_normalize.py", line 438, in <genexpr>
    if any([isinstance(x, dict) for x in y.values()] for y in data):
AttributeError: 'list' object has no attribute 'values'
[2023-08-21 21:06:02,383] {taskinstance.py:1420} INFO - Marking task as UP_FOR_RETRY. dag_id=Products_ETL_v2, task_id=get_data, execution_date=20230821T205445, start_date=20230821T210602, end_date=20230821T210602
[2023-08-21 21:06:02,417] {standard_task_runner.py:97} ERROR - Failed to execute job 91 for task get_data ('list' object has no attribute 'values'; 14559)
[2023-08-21 21:06:02,455] {local_task_job.py:156} INFO - Task exited with return code 1
[2023-08-21 21:06:02,541] {local_task_job.py:273} INFO - 0 downstream tasks scheduled from follow-on schedule check
