[2023-08-22 15:25:49,477] {taskinstance.py:1179} INFO - Dependencies all met for <TaskInstance: new_etl.conexion_redshift manual__2023-08-22T15:25:41.037149+00:00 [queued]>
[2023-08-22 15:25:49,488] {taskinstance.py:1179} INFO - Dependencies all met for <TaskInstance: new_etl.conexion_redshift manual__2023-08-22T15:25:41.037149+00:00 [queued]>
[2023-08-22 15:25:49,490] {taskinstance.py:1376} INFO - 
--------------------------------------------------------------------------------
[2023-08-22 15:25:49,492] {taskinstance.py:1377} INFO - Starting attempt 1 of 4
[2023-08-22 15:25:49,494] {taskinstance.py:1378} INFO - 
--------------------------------------------------------------------------------
[2023-08-22 15:25:49,513] {taskinstance.py:1397} INFO - Executing <Task(PythonOperator): conexion_redshift> on 2023-08-22 15:25:41.037149+00:00
[2023-08-22 15:25:49,523] {standard_task_runner.py:52} INFO - Started process 14719 to run task
[2023-08-22 15:25:49,527] {standard_task_runner.py:79} INFO - Running: ['***', 'tasks', 'run', 'new_etl', 'conexion_redshift', 'manual__2023-08-22T15:25:41.037149+00:00', '--job-id', '196', '--raw', '--subdir', 'DAGS_FOLDER/etl2.py', '--cfg-path', '/tmp/tmpkha8ioun', '--error-file', '/tmp/tmpf1va7lqr']
[2023-08-22 15:25:49,530] {standard_task_runner.py:80} INFO - Job 196: Subtask conexion_redshift
[2023-08-22 15:25:49,612] {task_command.py:371} INFO - Running <TaskInstance: new_etl.conexion_redshift manual__2023-08-22T15:25:41.037149+00:00 [running]> on host 0110d0e687e9
[2023-08-22 15:25:49,670] {taskinstance.py:1591} INFO - Exporting the following env vars:
AIRFLOW_CTX_DAG_OWNER=Sol
AIRFLOW_CTX_DAG_ID=new_etl
AIRFLOW_CTX_TASK_ID=conexion_redshift
AIRFLOW_CTX_EXECUTION_DATE=2023-08-22T15:25:41.037149+00:00
AIRFLOW_CTX_TRY_NUMBER=1
AIRFLOW_CTX_DAG_RUN_ID=manual__2023-08-22T15:25:41.037149+00:00
[2023-08-22 15:25:52,787] {logging_mixin.py:115} INFO - Connected to Redshift successfully!
[2023-08-22 15:25:52,792] {python.py:173} INFO - Done. Returned value was: None
[2023-08-22 15:25:52,878] {taskinstance.py:1420} INFO - Marking task as SUCCESS. dag_id=new_etl, task_id=conexion_redshift, execution_date=20230822T152541, start_date=20230822T152549, end_date=20230822T152552
[2023-08-22 15:25:52,957] {local_task_job.py:156} INFO - Task exited with return code 0
[2023-08-22 15:25:53,004] {local_task_job.py:273} INFO - 1 downstream tasks scheduled from follow-on schedule check
