[2023-08-21 20:55:09,441] {taskinstance.py:1179} INFO - Dependencies all met for <TaskInstance: Products_ETL_v2.get_data scheduled__2023-08-20T00:00:00+00:00 [queued]>
[2023-08-21 20:55:09,458] {taskinstance.py:1179} INFO - Dependencies all met for <TaskInstance: Products_ETL_v2.get_data scheduled__2023-08-20T00:00:00+00:00 [queued]>
[2023-08-21 20:55:09,463] {taskinstance.py:1376} INFO - 
--------------------------------------------------------------------------------
[2023-08-21 20:55:09,465] {taskinstance.py:1377} INFO - Starting attempt 6 of 6
[2023-08-21 20:55:09,466] {taskinstance.py:1378} INFO - 
--------------------------------------------------------------------------------
[2023-08-21 20:55:09,478] {taskinstance.py:1397} INFO - Executing <Task(PythonOperator): get_data> on 2023-08-20 00:00:00+00:00
[2023-08-21 20:55:09,483] {standard_task_runner.py:52} INFO - Started process 13503 to run task
[2023-08-21 20:55:09,492] {standard_task_runner.py:79} INFO - Running: ['***', 'tasks', 'run', 'Products_ETL_v2', 'get_data', 'scheduled__2023-08-20T00:00:00+00:00', '--job-id', '77', '--raw', '--subdir', 'DAGS_FOLDER/myETL.py', '--cfg-path', '/tmp/tmp993v0vnf', '--error-file', '/tmp/tmpxk8vy253']
[2023-08-21 20:55:09,499] {standard_task_runner.py:80} INFO - Job 77: Subtask get_data
[2023-08-21 20:55:09,594] {task_command.py:371} INFO - Running <TaskInstance: Products_ETL_v2.get_data scheduled__2023-08-20T00:00:00+00:00 [running]> on host 0110d0e687e9
[2023-08-21 20:55:09,682] {taskinstance.py:1591} INFO - Exporting the following env vars:
AIRFLOW_CTX_DAG_OWNER=Sol
AIRFLOW_CTX_DAG_ID=Products_ETL_v2
AIRFLOW_CTX_TASK_ID=get_data
AIRFLOW_CTX_EXECUTION_DATE=2023-08-20T00:00:00+00:00
AIRFLOW_CTX_TRY_NUMBER=6
AIRFLOW_CTX_DAG_RUN_ID=scheduled__2023-08-20T00:00:00+00:00
[2023-08-21 20:55:09,725] {taskinstance.py:1909} ERROR - Task failed with exception
Traceback (most recent call last):
  File "/home/airflow/.local/lib/python3.7/site-packages/airflow/operators/python.py", line 171, in execute
    return_value = self.execute_callable()
  File "/home/airflow/.local/lib/python3.7/site-packages/airflow/operators/python.py", line 189, in execute_callable
    return self.python_callable(*self.op_args, **self.op_kwargs)
  File "/opt/airflow/dags/myETL.py", line 55, in get_and_transform_data
    df.drop('descriotion', axis=1, inplace=True) # drop description column cause it always null or empty
  File "/home/airflow/.local/lib/python3.7/site-packages/pandas/util/_decorators.py", line 311, in wrapper
    return func(*args, **kwargs)
  File "/home/airflow/.local/lib/python3.7/site-packages/pandas/core/frame.py", line 4913, in drop
    errors=errors,
  File "/home/airflow/.local/lib/python3.7/site-packages/pandas/core/generic.py", line 4150, in drop
    obj = obj._drop_axis(labels, axis, level=level, errors=errors)
  File "/home/airflow/.local/lib/python3.7/site-packages/pandas/core/generic.py", line 4185, in _drop_axis
    new_axis = axis.drop(labels, errors=errors)
  File "/home/airflow/.local/lib/python3.7/site-packages/pandas/core/indexes/base.py", line 6017, in drop
    raise KeyError(f"{labels[mask]} not found in axis")
KeyError: "['descriotion'] not found in axis"
[2023-08-21 20:55:09,775] {taskinstance.py:1420} INFO - Marking task as FAILED. dag_id=Products_ETL_v2, task_id=get_data, execution_date=20230820T000000, start_date=20230821T205509, end_date=20230821T205509
[2023-08-21 20:55:09,800] {standard_task_runner.py:97} ERROR - Failed to execute job 77 for task get_data ("['descriotion'] not found in axis"; 13503)
[2023-08-21 20:55:09,822] {local_task_job.py:156} INFO - Task exited with return code 1
[2023-08-21 20:55:09,910] {local_task_job.py:273} INFO - 0 downstream tasks scheduled from follow-on schedule check
