[2023-08-22 23:41:38,336] {taskinstance.py:1179} INFO - Dependencies all met for <TaskInstance: ETL_products.comprobar_conexion manual__2023-08-22T23:41:32.733467+00:00 [queued]>
[2023-08-22 23:41:38,341] {taskinstance.py:1179} INFO - Dependencies all met for <TaskInstance: ETL_products.comprobar_conexion manual__2023-08-22T23:41:32.733467+00:00 [queued]>
[2023-08-22 23:41:38,342] {taskinstance.py:1376} INFO - 
--------------------------------------------------------------------------------
[2023-08-22 23:41:38,342] {taskinstance.py:1377} INFO - Starting attempt 1 of 4
[2023-08-22 23:41:38,343] {taskinstance.py:1378} INFO - 
--------------------------------------------------------------------------------
[2023-08-22 23:41:38,349] {taskinstance.py:1397} INFO - Executing <Task(PythonOperator): comprobar_conexion> on 2023-08-22 23:41:32.733467+00:00
[2023-08-22 23:41:38,352] {standard_task_runner.py:52} INFO - Started process 537 to run task
[2023-08-22 23:41:38,355] {standard_task_runner.py:79} INFO - Running: ['***', 'tasks', 'run', 'ETL_products', 'comprobar_conexion', 'manual__2023-08-22T23:41:32.733467+00:00', '--job-id', '22', '--raw', '--subdir', 'DAGS_FOLDER/etl.py', '--cfg-path', '/tmp/tmpxklvd9ia', '--error-file', '/tmp/tmpj9qilm0p']
[2023-08-22 23:41:38,356] {standard_task_runner.py:80} INFO - Job 22: Subtask comprobar_conexion
[2023-08-22 23:41:38,400] {task_command.py:371} INFO - Running <TaskInstance: ETL_products.comprobar_conexion manual__2023-08-22T23:41:32.733467+00:00 [running]> on host 647aaf7d8bae
[2023-08-22 23:41:38,444] {taskinstance.py:1591} INFO - Exporting the following env vars:
AIRFLOW_CTX_DAG_OWNER=Sol
AIRFLOW_CTX_DAG_ID=ETL_products
AIRFLOW_CTX_TASK_ID=comprobar_conexion
AIRFLOW_CTX_EXECUTION_DATE=2023-08-22T23:41:32.733467+00:00
AIRFLOW_CTX_TRY_NUMBER=1
AIRFLOW_CTX_DAG_RUN_ID=manual__2023-08-22T23:41:32.733467+00:00
[2023-08-22 23:41:40,973] {logging_mixin.py:115} INFO - Connected to Redshift successfully!
[2023-08-22 23:41:40,975] {python.py:173} INFO - Done. Returned value was: None
[2023-08-22 23:41:41,000] {taskinstance.py:1420} INFO - Marking task as SUCCESS. dag_id=ETL_products, task_id=comprobar_conexion, execution_date=20230822T234132, start_date=20230822T234138, end_date=20230822T234141
[2023-08-22 23:41:41,030] {local_task_job.py:156} INFO - Task exited with return code 0
[2023-08-22 23:41:41,056] {local_task_job.py:273} INFO - 1 downstream tasks scheduled from follow-on schedule check
