[2023-08-22 14:39:31,941] {taskinstance.py:1179} INFO - Dependencies all met for <TaskInstance: new_etl.crear_tabla manual__2023-08-22T14:33:18.322009+00:00 [queued]>
[2023-08-22 14:39:31,959] {taskinstance.py:1179} INFO - Dependencies all met for <TaskInstance: new_etl.crear_tabla manual__2023-08-22T14:33:18.322009+00:00 [queued]>
[2023-08-22 14:39:31,960] {taskinstance.py:1376} INFO - 
--------------------------------------------------------------------------------
[2023-08-22 14:39:31,961] {taskinstance.py:1377} INFO - Starting attempt 3 of 4
[2023-08-22 14:39:31,962] {taskinstance.py:1378} INFO - 
--------------------------------------------------------------------------------
[2023-08-22 14:39:31,978] {taskinstance.py:1397} INFO - Executing <Task(RedshiftSQLOperator): crear_tabla> on 2023-08-22 14:33:18.322009+00:00
[2023-08-22 14:39:31,986] {standard_task_runner.py:52} INFO - Started process 8187 to run task
[2023-08-22 14:39:31,993] {standard_task_runner.py:79} INFO - Running: ['***', 'tasks', 'run', 'new_etl', 'crear_tabla', 'manual__2023-08-22T14:33:18.322009+00:00', '--job-id', '186', '--raw', '--subdir', 'DAGS_FOLDER/etl2.py', '--cfg-path', '/tmp/tmpg6t5sjps', '--error-file', '/tmp/tmpvlaydgae']
[2023-08-22 14:39:31,996] {standard_task_runner.py:80} INFO - Job 186: Subtask crear_tabla
[2023-08-22 14:39:32,065] {task_command.py:371} INFO - Running <TaskInstance: new_etl.crear_tabla manual__2023-08-22T14:33:18.322009+00:00 [running]> on host 0110d0e687e9
[2023-08-22 14:39:32,117] {taskinstance.py:1591} INFO - Exporting the following env vars:
AIRFLOW_CTX_DAG_OWNER=Sol
AIRFLOW_CTX_DAG_ID=new_etl
AIRFLOW_CTX_TASK_ID=crear_tabla
AIRFLOW_CTX_EXECUTION_DATE=2023-08-22T14:33:18.322009+00:00
AIRFLOW_CTX_TRY_NUMBER=3
AIRFLOW_CTX_DAG_RUN_ID=manual__2023-08-22T14:33:18.322009+00:00
[2023-08-22 14:39:32,118] {redshift_sql.py:76} INFO - Executing statement: 
        create table if not exists soldebenedet_coderhouse.products_new (
            _id varchar(25),
            title varchar(25),
            price float,
            createdAt timestamp,
            updatedAt timestamp,
            slug varchar(100),
            category__id varchar(25),
            category_name varchar(50),
            category_slug varchar(100),
            createdBy_role varchar(25),
            createdBy__id varchar(25),
            createdBy_name varchar(25),
            primary key(_id, createdAt)
            );
            
[2023-08-22 14:39:32,127] {base.py:68} INFO - Using connection ID 'redshift-coderhouse' for task execution.
[2023-08-22 14:39:33,404] {dbapi.py:231} INFO - Running statement: 
        create table if not exists soldebenedet_coderhouse.products_new (
            _id varchar(25),
            title varchar(25),
            price float,
            createdAt timestamp,
            updatedAt timestamp,
            slug varchar(100),
            category__id varchar(25),
            category_name varchar(50),
            category_slug varchar(100),
            createdBy_role varchar(25),
            createdBy__id varchar(25),
            createdBy_name varchar(25),
            primary key(_id, createdAt)
            );
            , parameters: None
[2023-08-22 14:39:34,004] {taskinstance.py:1420} INFO - Marking task as SUCCESS. dag_id=new_etl, task_id=crear_tabla, execution_date=20230822T143318, start_date=20230822T143931, end_date=20230822T143934
[2023-08-22 14:39:34,069] {local_task_job.py:156} INFO - Task exited with return code 0
[2023-08-22 14:39:34,125] {local_task_job.py:273} INFO - 0 downstream tasks scheduled from follow-on schedule check
