[2023-09-06 19:01:04,207] {taskinstance.py:1179} INFO - Dependencies all met for <TaskInstance: ETL_products.transformar_data manual__2023-09-06T19:00:44.021852+00:00 [queued]>
[2023-09-06 19:01:04,212] {taskinstance.py:1179} INFO - Dependencies all met for <TaskInstance: ETL_products.transformar_data manual__2023-09-06T19:00:44.021852+00:00 [queued]>
[2023-09-06 19:01:04,212] {taskinstance.py:1376} INFO - 
--------------------------------------------------------------------------------
[2023-09-06 19:01:04,213] {taskinstance.py:1377} INFO - Starting attempt 1 of 4
[2023-09-06 19:01:04,213] {taskinstance.py:1378} INFO - 
--------------------------------------------------------------------------------
[2023-09-06 19:01:04,220] {taskinstance.py:1397} INFO - Executing <Task(PythonOperator): transformar_data> on 2023-09-06 19:00:44.021852+00:00
[2023-09-06 19:01:04,225] {standard_task_runner.py:52} INFO - Started process 967 to run task
[2023-09-06 19:01:04,228] {standard_task_runner.py:79} INFO - Running: ['***', 'tasks', 'run', 'ETL_products', 'transformar_data', 'manual__2023-09-06T19:00:44.021852+00:00', '--job-id', '88', '--raw', '--subdir', 'DAGS_FOLDER/etl.py', '--cfg-path', '/tmp/tmpkf_6f869', '--error-file', '/tmp/tmpa1lx8rue']
[2023-09-06 19:01:04,229] {standard_task_runner.py:80} INFO - Job 88: Subtask transformar_data
[2023-09-06 19:01:04,278] {task_command.py:371} INFO - Running <TaskInstance: ETL_products.transformar_data manual__2023-09-06T19:00:44.021852+00:00 [running]> on host 889c80a1bf70
[2023-09-06 19:01:04,324] {taskinstance.py:1591} INFO - Exporting the following env vars:
AIRFLOW_CTX_DAG_OWNER=Sol
AIRFLOW_CTX_DAG_ID=ETL_products
AIRFLOW_CTX_TASK_ID=transformar_data
AIRFLOW_CTX_EXECUTION_DATE=2023-09-06T19:00:44.021852+00:00
AIRFLOW_CTX_TRY_NUMBER=1
AIRFLOW_CTX_DAG_RUN_ID=manual__2023-09-06T19:00:44.021852+00:00
[2023-09-06 19:01:04,351] {python.py:173} INFO - Done. Returned value was: 2023-09-06_transformed_data.csv
[2023-09-06 19:01:04,375] {taskinstance.py:1420} INFO - Marking task as SUCCESS. dag_id=ETL_products, task_id=transformar_data, execution_date=20230906T190044, start_date=20230906T190104, end_date=20230906T190104
[2023-09-06 19:01:04,399] {local_task_job.py:156} INFO - Task exited with return code 0
[2023-09-06 19:01:04,426] {local_task_job.py:273} INFO - 2 downstream tasks scheduled from follow-on schedule check
