[2023-09-06 18:51:04,687] {taskinstance.py:1179} INFO - Dependencies all met for <TaskInstance: ETL_products.envio_alerta manual__2023-09-06T18:50:53.105741+00:00 [queued]>
[2023-09-06 18:51:04,693] {taskinstance.py:1179} INFO - Dependencies all met for <TaskInstance: ETL_products.envio_alerta manual__2023-09-06T18:50:53.105741+00:00 [queued]>
[2023-09-06 18:51:04,694] {taskinstance.py:1376} INFO - 
--------------------------------------------------------------------------------
[2023-09-06 18:51:04,694] {taskinstance.py:1377} INFO - Starting attempt 1 of 4
[2023-09-06 18:51:04,695] {taskinstance.py:1378} INFO - 
--------------------------------------------------------------------------------
[2023-09-06 18:51:04,706] {taskinstance.py:1397} INFO - Executing <Task(PythonOperator): envio_alerta> on 2023-09-06 18:50:53.105741+00:00
[2023-09-06 18:51:04,711] {standard_task_runner.py:52} INFO - Started process 253 to run task
[2023-09-06 18:51:04,715] {standard_task_runner.py:79} INFO - Running: ['***', 'tasks', 'run', 'ETL_products', 'envio_alerta', 'manual__2023-09-06T18:50:53.105741+00:00', '--job-id', '77', '--raw', '--subdir', 'DAGS_FOLDER/etl.py', '--cfg-path', '/tmp/tmpkm09o2_9', '--error-file', '/tmp/tmp_ftums8d']
[2023-09-06 18:51:04,718] {standard_task_runner.py:80} INFO - Job 77: Subtask envio_alerta
[2023-09-06 18:51:04,804] {task_command.py:371} INFO - Running <TaskInstance: ETL_products.envio_alerta manual__2023-09-06T18:50:53.105741+00:00 [running]> on host 889c80a1bf70
[2023-09-06 18:51:04,878] {taskinstance.py:1591} INFO - Exporting the following env vars:
AIRFLOW_CTX_DAG_OWNER=Sol
AIRFLOW_CTX_DAG_ID=ETL_products
AIRFLOW_CTX_TASK_ID=envio_alerta
AIRFLOW_CTX_EXECUTION_DATE=2023-09-06T18:50:53.105741+00:00
AIRFLOW_CTX_TRY_NUMBER=1
AIRFLOW_CTX_DAG_RUN_ID=manual__2023-09-06T18:50:53.105741+00:00
[2023-09-06 18:51:06,789] {functions.py:102} INFO - Email sent successfully!
[2023-09-06 18:51:06,806] {python.py:173} INFO - Done. Returned value was: None
[2023-09-06 18:51:06,834] {taskinstance.py:1420} INFO - Marking task as SUCCESS. dag_id=ETL_products, task_id=envio_alerta, execution_date=20230906T185053, start_date=20230906T185104, end_date=20230906T185106
[2023-09-06 18:51:06,869] {local_task_job.py:156} INFO - Task exited with return code 0
[2023-09-06 18:51:06,916] {local_task_job.py:273} INFO - 0 downstream tasks scheduled from follow-on schedule check
