[2023-08-21 20:52:48,111] {taskinstance.py:1179} INFO - Dependencies all met for <TaskInstance: Products_ETL_v2.api_call manual__2023-08-21T20:52:46.615113+00:00 [queued]>
[2023-08-21 20:52:48,117] {taskinstance.py:1179} INFO - Dependencies all met for <TaskInstance: Products_ETL_v2.api_call manual__2023-08-21T20:52:46.615113+00:00 [queued]>
[2023-08-21 20:52:48,117] {taskinstance.py:1376} INFO - 
--------------------------------------------------------------------------------
[2023-08-21 20:52:48,118] {taskinstance.py:1377} INFO - Starting attempt 1 of 6
[2023-08-21 20:52:48,118] {taskinstance.py:1378} INFO - 
--------------------------------------------------------------------------------
[2023-08-21 20:52:48,132] {taskinstance.py:1397} INFO - Executing <Task(PythonOperator): api_call> on 2023-08-21 20:52:46.615113+00:00
[2023-08-21 20:52:48,140] {standard_task_runner.py:52} INFO - Started process 13259 to run task
[2023-08-21 20:52:48,145] {standard_task_runner.py:79} INFO - Running: ['***', 'tasks', 'run', 'Products_ETL_v2', 'api_call', 'manual__2023-08-21T20:52:46.615113+00:00', '--job-id', '72', '--raw', '--subdir', 'DAGS_FOLDER/myETL.py', '--cfg-path', '/tmp/tmpk6ovhe3q', '--error-file', '/tmp/tmp68nidxat']
[2023-08-21 20:52:48,147] {standard_task_runner.py:80} INFO - Job 72: Subtask api_call
[2023-08-21 20:52:48,206] {task_command.py:371} INFO - Running <TaskInstance: Products_ETL_v2.api_call manual__2023-08-21T20:52:46.615113+00:00 [running]> on host 0110d0e687e9
[2023-08-21 20:52:48,255] {taskinstance.py:1591} INFO - Exporting the following env vars:
AIRFLOW_CTX_DAG_OWNER=Sol
AIRFLOW_CTX_DAG_ID=Products_ETL_v2
AIRFLOW_CTX_TASK_ID=api_call
AIRFLOW_CTX_EXECUTION_DATE=2023-08-21T20:52:46.615113+00:00
AIRFLOW_CTX_TRY_NUMBER=1
AIRFLOW_CTX_DAG_RUN_ID=manual__2023-08-21T20:52:46.615113+00:00
[2023-08-21 20:52:50,595] {python.py:173} INFO - Done. Returned value was: None
[2023-08-21 20:52:50,619] {taskinstance.py:1420} INFO - Marking task as SUCCESS. dag_id=Products_ETL_v2, task_id=api_call, execution_date=20230821T205246, start_date=20230821T205248, end_date=20230821T205250
[2023-08-21 20:52:50,647] {local_task_job.py:156} INFO - Task exited with return code 0
[2023-08-21 20:52:50,686] {local_task_job.py:273} INFO - 1 downstream tasks scheduled from follow-on schedule check
