[2023-08-22 23:37:48,426] {taskinstance.py:1179} INFO - Dependencies all met for <TaskInstance: ETL_products.extraer_data manual__2023-08-22T23:37:46.616476+00:00 [queued]>
[2023-08-22 23:37:48,441] {taskinstance.py:1179} INFO - Dependencies all met for <TaskInstance: ETL_products.extraer_data manual__2023-08-22T23:37:46.616476+00:00 [queued]>
[2023-08-22 23:37:48,442] {taskinstance.py:1376} INFO - 
--------------------------------------------------------------------------------
[2023-08-22 23:37:48,444] {taskinstance.py:1377} INFO - Starting attempt 1 of 4
[2023-08-22 23:37:48,445] {taskinstance.py:1378} INFO - 
--------------------------------------------------------------------------------
[2023-08-22 23:37:48,467] {taskinstance.py:1397} INFO - Executing <Task(PythonOperator): extraer_data> on 2023-08-22 23:37:46.616476+00:00
[2023-08-22 23:37:48,474] {standard_task_runner.py:52} INFO - Started process 226 to run task
[2023-08-22 23:37:48,490] {standard_task_runner.py:79} INFO - Running: ['***', 'tasks', 'run', 'ETL_products', 'extraer_data', 'manual__2023-08-22T23:37:46.616476+00:00', '--job-id', '7', '--raw', '--subdir', 'DAGS_FOLDER/etl.py', '--cfg-path', '/tmp/tmp3k676qf6', '--error-file', '/tmp/tmp0gv8wscb']
[2023-08-22 23:37:48,492] {standard_task_runner.py:80} INFO - Job 7: Subtask extraer_data
[2023-08-22 23:37:48,596] {task_command.py:371} INFO - Running <TaskInstance: ETL_products.extraer_data manual__2023-08-22T23:37:46.616476+00:00 [running]> on host 647aaf7d8bae
[2023-08-22 23:37:48,674] {taskinstance.py:1591} INFO - Exporting the following env vars:
AIRFLOW_CTX_DAG_OWNER=Sol
AIRFLOW_CTX_DAG_ID=ETL_products
AIRFLOW_CTX_TASK_ID=extraer_data
AIRFLOW_CTX_EXECUTION_DATE=2023-08-22T23:37:46.616476+00:00
AIRFLOW_CTX_TRY_NUMBER=1
AIRFLOW_CTX_DAG_RUN_ID=manual__2023-08-22T23:37:46.616476+00:00
[2023-08-22 23:37:52,339] {python.py:173} INFO - Done. Returned value was: None
[2023-08-22 23:37:52,377] {taskinstance.py:1420} INFO - Marking task as SUCCESS. dag_id=ETL_products, task_id=extraer_data, execution_date=20230822T233746, start_date=20230822T233748, end_date=20230822T233752
[2023-08-22 23:37:52,429] {local_task_job.py:156} INFO - Task exited with return code 0
[2023-08-22 23:37:52,489] {local_task_job.py:273} INFO - 1 downstream tasks scheduled from follow-on schedule check
