[2023-08-22 14:07:05,959] {taskinstance.py:1179} INFO - Dependencies all met for <TaskInstance: new_etl.transformar_data manual__2023-08-22T14:07:00.520851+00:00 [queued]>
[2023-08-22 14:07:05,965] {taskinstance.py:1179} INFO - Dependencies all met for <TaskInstance: new_etl.transformar_data manual__2023-08-22T14:07:00.520851+00:00 [queued]>
[2023-08-22 14:07:05,966] {taskinstance.py:1376} INFO - 
--------------------------------------------------------------------------------
[2023-08-22 14:07:05,967] {taskinstance.py:1377} INFO - Starting attempt 1 of 4
[2023-08-22 14:07:05,967] {taskinstance.py:1378} INFO - 
--------------------------------------------------------------------------------
[2023-08-22 14:07:05,977] {taskinstance.py:1397} INFO - Executing <Task(PythonOperator): transformar_data> on 2023-08-22 14:07:00.520851+00:00
[2023-08-22 14:07:05,985] {standard_task_runner.py:52} INFO - Started process 4030 to run task
[2023-08-22 14:07:05,989] {standard_task_runner.py:79} INFO - Running: ['***', 'tasks', 'run', 'new_etl', 'transformar_data', 'manual__2023-08-22T14:07:00.520851+00:00', '--job-id', '141', '--raw', '--subdir', 'DAGS_FOLDER/etl2.py', '--cfg-path', '/tmp/tmpk8kzzk9y', '--error-file', '/tmp/tmpquc_x3iq']
[2023-08-22 14:07:05,991] {standard_task_runner.py:80} INFO - Job 141: Subtask transformar_data
[2023-08-22 14:07:06,123] {task_command.py:371} INFO - Running <TaskInstance: new_etl.transformar_data manual__2023-08-22T14:07:00.520851+00:00 [running]> on host 0110d0e687e9
[2023-08-22 14:07:06,208] {taskinstance.py:1591} INFO - Exporting the following env vars:
AIRFLOW_CTX_DAG_OWNER=Sol
AIRFLOW_CTX_DAG_ID=new_etl
AIRFLOW_CTX_TASK_ID=transformar_data
AIRFLOW_CTX_EXECUTION_DATE=2023-08-22T14:07:00.520851+00:00
AIRFLOW_CTX_TRY_NUMBER=1
AIRFLOW_CTX_DAG_RUN_ID=manual__2023-08-22T14:07:00.520851+00:00
[2023-08-22 14:07:06,243] {python.py:173} INFO - Done. Returned value was: None
[2023-08-22 14:07:06,254] {taskinstance.py:1420} INFO - Marking task as SUCCESS. dag_id=new_etl, task_id=transformar_data, execution_date=20230822T140700, start_date=20230822T140705, end_date=20230822T140706
[2023-08-22 14:07:06,285] {local_task_job.py:156} INFO - Task exited with return code 0
[2023-08-22 14:07:06,328] {local_task_job.py:273} INFO - 0 downstream tasks scheduled from follow-on schedule check
