[2023-08-18 20:01:00,833] {taskinstance.py:1179} INFO - Dependencies all met for <TaskInstance: Products_ETL.get_number_pages manual__2023-08-18T19:57:57.283364+00:00 [queued]>
[2023-08-18 20:01:00,841] {taskinstance.py:1179} INFO - Dependencies all met for <TaskInstance: Products_ETL.get_number_pages manual__2023-08-18T19:57:57.283364+00:00 [queued]>
[2023-08-18 20:01:00,842] {taskinstance.py:1376} INFO - 
--------------------------------------------------------------------------------
[2023-08-18 20:01:00,842] {taskinstance.py:1377} INFO - Starting attempt 2 of 6
[2023-08-18 20:01:00,843] {taskinstance.py:1378} INFO - 
--------------------------------------------------------------------------------
[2023-08-18 20:01:00,852] {taskinstance.py:1397} INFO - Executing <Task(PythonOperator): get_number_pages> on 2023-08-18 19:57:57.283364+00:00
[2023-08-18 20:01:00,860] {standard_task_runner.py:52} INFO - Started process 7622 to run task
[2023-08-18 20:01:00,864] {standard_task_runner.py:79} INFO - Running: ['***', 'tasks', 'run', 'Products_ETL', 'get_number_pages', 'manual__2023-08-18T19:57:57.283364+00:00', '--job-id', '5', '--raw', '--subdir', 'DAGS_FOLDER/etl.py', '--cfg-path', '/tmp/tmpvzmmzfta', '--error-file', '/tmp/tmpq41wxsmk']
[2023-08-18 20:01:00,865] {standard_task_runner.py:80} INFO - Job 5: Subtask get_number_pages
[2023-08-18 20:01:00,973] {task_command.py:371} INFO - Running <TaskInstance: Products_ETL.get_number_pages manual__2023-08-18T19:57:57.283364+00:00 [running]> on host 0110d0e687e9
[2023-08-18 20:01:01,066] {taskinstance.py:1591} INFO - Exporting the following env vars:
AIRFLOW_CTX_DAG_OWNER=Sol
AIRFLOW_CTX_DAG_ID=Products_ETL
AIRFLOW_CTX_TASK_ID=get_number_pages
AIRFLOW_CTX_EXECUTION_DATE=2023-08-18T19:57:57.283364+00:00
AIRFLOW_CTX_TRY_NUMBER=2
AIRFLOW_CTX_DAG_RUN_ID=manual__2023-08-18T19:57:57.283364+00:00
[2023-08-18 20:01:02,241] {python.py:173} INFO - Done. Returned value was: 3
[2023-08-18 20:01:02,324] {taskinstance.py:1420} INFO - Marking task as SUCCESS. dag_id=Products_ETL, task_id=get_number_pages, execution_date=20230818T195757, start_date=20230818T200100, end_date=20230818T200102
[2023-08-18 20:01:02,350] {local_task_job.py:156} INFO - Task exited with return code 0
[2023-08-18 20:01:02,406] {local_task_job.py:273} INFO - 1 downstream tasks scheduled from follow-on schedule check
