[2023-08-21 14:36:26,302] {taskinstance.py:1179} INFO - Dependencies all met for <TaskInstance: Products_ETL.get_data scheduled__2023-08-20T00:00:00+00:00 [queued]>
[2023-08-21 14:36:26,323] {taskinstance.py:1179} INFO - Dependencies all met for <TaskInstance: Products_ETL.get_data scheduled__2023-08-20T00:00:00+00:00 [queued]>
[2023-08-21 14:36:26,324] {taskinstance.py:1376} INFO - 
--------------------------------------------------------------------------------
[2023-08-21 14:36:26,325] {taskinstance.py:1377} INFO - Starting attempt 6 of 6
[2023-08-21 14:36:26,333] {taskinstance.py:1378} INFO - 
--------------------------------------------------------------------------------
[2023-08-21 14:36:26,372] {taskinstance.py:1397} INFO - Executing <Task(PythonOperator): get_data> on 2023-08-20 00:00:00+00:00
[2023-08-21 14:36:26,397] {standard_task_runner.py:52} INFO - Started process 402 to run task
[2023-08-21 14:36:26,424] {standard_task_runner.py:79} INFO - Running: ['***', 'tasks', 'run', 'Products_ETL', 'get_data', 'scheduled__2023-08-20T00:00:00+00:00', '--job-id', '51', '--raw', '--subdir', 'DAGS_FOLDER/etl.py', '--cfg-path', '/tmp/tmp1a09zfh6', '--error-file', '/tmp/tmpn27eeu8w']
[2023-08-21 14:36:26,425] {standard_task_runner.py:80} INFO - Job 51: Subtask get_data
[2023-08-21 14:36:26,736] {task_command.py:371} INFO - Running <TaskInstance: Products_ETL.get_data scheduled__2023-08-20T00:00:00+00:00 [running]> on host 0110d0e687e9
[2023-08-21 14:36:26,988] {taskinstance.py:1591} INFO - Exporting the following env vars:
AIRFLOW_CTX_DAG_OWNER=Sol
AIRFLOW_CTX_DAG_ID=Products_ETL
AIRFLOW_CTX_TASK_ID=get_data
AIRFLOW_CTX_EXECUTION_DATE=2023-08-20T00:00:00+00:00
AIRFLOW_CTX_TRY_NUMBER=6
AIRFLOW_CTX_DAG_RUN_ID=scheduled__2023-08-20T00:00:00+00:00
[2023-08-21 14:36:26,992] {taskinstance.py:1909} ERROR - Task failed with exception
Traceback (most recent call last):
  File "/home/airflow/.local/lib/python3.7/site-packages/airflow/operators/python.py", line 171, in execute
    return_value = self.execute_callable()
  File "/home/airflow/.local/lib/python3.7/site-packages/airflow/operators/python.py", line 189, in execute_callable
    return self.python_callable(*self.op_args, **self.op_kwargs)
TypeError: get_and_transform_Data() missing 1 required positional argument: 'pages'
[2023-08-21 14:36:27,019] {taskinstance.py:1420} INFO - Marking task as FAILED. dag_id=Products_ETL, task_id=get_data, execution_date=20230820T000000, start_date=20230821T143626, end_date=20230821T143627
[2023-08-21 14:36:27,044] {standard_task_runner.py:97} ERROR - Failed to execute job 51 for task get_data (get_and_transform_Data() missing 1 required positional argument: 'pages'; 402)
[2023-08-21 14:36:27,193] {local_task_job.py:156} INFO - Task exited with return code 1
[2023-08-21 14:36:27,496] {local_task_job.py:273} INFO - 0 downstream tasks scheduled from follow-on schedule check
