[2023-08-21 14:33:16,609] {taskinstance.py:1179} INFO - Dependencies all met for <TaskInstance: Products_ETL.get_data scheduled__2023-08-20T00:00:00+00:00 [queued]>
[2023-08-21 14:33:16,811] {taskinstance.py:1179} INFO - Dependencies all met for <TaskInstance: Products_ETL.get_data scheduled__2023-08-20T00:00:00+00:00 [queued]>
[2023-08-21 14:33:16,853] {taskinstance.py:1376} INFO - 
--------------------------------------------------------------------------------
[2023-08-21 14:33:16,854] {taskinstance.py:1377} INFO - Starting attempt 5 of 6
[2023-08-21 14:33:16,855] {taskinstance.py:1378} INFO - 
--------------------------------------------------------------------------------
[2023-08-21 14:33:17,181] {taskinstance.py:1397} INFO - Executing <Task(PythonOperator): get_data> on 2023-08-20 00:00:00+00:00
[2023-08-21 14:33:17,532] {standard_task_runner.py:52} INFO - Started process 198 to run task
[2023-08-21 14:33:17,657] {standard_task_runner.py:79} INFO - Running: ['***', 'tasks', 'run', 'Products_ETL', 'get_data', 'scheduled__2023-08-20T00:00:00+00:00', '--job-id', '47', '--raw', '--subdir', 'DAGS_FOLDER/etl.py', '--cfg-path', '/tmp/tmpyyg00rz8', '--error-file', '/tmp/tmpq737tj0s']
[2023-08-21 14:33:17,689] {standard_task_runner.py:80} INFO - Job 47: Subtask get_data
[2023-08-21 14:33:20,212] {task_command.py:371} INFO - Running <TaskInstance: Products_ETL.get_data scheduled__2023-08-20T00:00:00+00:00 [running]> on host 0110d0e687e9
[2023-08-21 14:33:21,362] {taskinstance.py:1591} INFO - Exporting the following env vars:
AIRFLOW_CTX_DAG_OWNER=Sol
AIRFLOW_CTX_DAG_ID=Products_ETL
AIRFLOW_CTX_TASK_ID=get_data
AIRFLOW_CTX_EXECUTION_DATE=2023-08-20T00:00:00+00:00
AIRFLOW_CTX_TRY_NUMBER=5
AIRFLOW_CTX_DAG_RUN_ID=scheduled__2023-08-20T00:00:00+00:00
[2023-08-21 14:33:21,435] {taskinstance.py:1909} ERROR - Task failed with exception
Traceback (most recent call last):
  File "/home/airflow/.local/lib/python3.7/site-packages/airflow/operators/python.py", line 171, in execute
    return_value = self.execute_callable()
  File "/home/airflow/.local/lib/python3.7/site-packages/airflow/operators/python.py", line 189, in execute_callable
    return self.python_callable(*self.op_args, **self.op_kwargs)
TypeError: get_and_transform_Data() missing 1 required positional argument: 'pages'
[2023-08-21 14:33:21,470] {taskinstance.py:1420} INFO - Marking task as UP_FOR_RETRY. dag_id=Products_ETL, task_id=get_data, execution_date=20230820T000000, start_date=20230821T143316, end_date=20230821T143321
[2023-08-21 14:33:21,602] {standard_task_runner.py:97} ERROR - Failed to execute job 47 for task get_data (get_and_transform_Data() missing 1 required positional argument: 'pages'; 198)
[2023-08-21 14:33:21,748] {local_task_job.py:156} INFO - Task exited with return code 1
[2023-08-21 14:33:22,018] {local_task_job.py:273} INFO - 0 downstream tasks scheduled from follow-on schedule check
