[2023-08-21 14:34:02,711] {taskinstance.py:1179} INFO - Dependencies all met for <TaskInstance: Products_ETL.get_data manual__2023-08-21T14:34:00.161922+00:00 [queued]>
[2023-08-21 14:34:02,721] {taskinstance.py:1179} INFO - Dependencies all met for <TaskInstance: Products_ETL.get_data manual__2023-08-21T14:34:00.161922+00:00 [queued]>
[2023-08-21 14:34:02,722] {taskinstance.py:1376} INFO - 
--------------------------------------------------------------------------------
[2023-08-21 14:34:02,722] {taskinstance.py:1377} INFO - Starting attempt 1 of 6
[2023-08-21 14:34:02,723] {taskinstance.py:1378} INFO - 
--------------------------------------------------------------------------------
[2023-08-21 14:34:02,732] {taskinstance.py:1397} INFO - Executing <Task(PythonOperator): get_data> on 2023-08-21 14:34:00.161922+00:00
[2023-08-21 14:34:02,746] {standard_task_runner.py:52} INFO - Started process 241 to run task
[2023-08-21 14:34:02,757] {standard_task_runner.py:79} INFO - Running: ['***', 'tasks', 'run', 'Products_ETL', 'get_data', 'manual__2023-08-21T14:34:00.161922+00:00', '--job-id', '48', '--raw', '--subdir', 'DAGS_FOLDER/etl.py', '--cfg-path', '/tmp/tmpmgyjbyun', '--error-file', '/tmp/tmppwobbt1l']
[2023-08-21 14:34:02,760] {standard_task_runner.py:80} INFO - Job 48: Subtask get_data
[2023-08-21 14:34:02,831] {task_command.py:371} INFO - Running <TaskInstance: Products_ETL.get_data manual__2023-08-21T14:34:00.161922+00:00 [running]> on host 0110d0e687e9
[2023-08-21 14:34:02,905] {taskinstance.py:1591} INFO - Exporting the following env vars:
AIRFLOW_CTX_DAG_OWNER=Sol
AIRFLOW_CTX_DAG_ID=Products_ETL
AIRFLOW_CTX_TASK_ID=get_data
AIRFLOW_CTX_EXECUTION_DATE=2023-08-21T14:34:00.161922+00:00
AIRFLOW_CTX_TRY_NUMBER=1
AIRFLOW_CTX_DAG_RUN_ID=manual__2023-08-21T14:34:00.161922+00:00
[2023-08-21 14:34:02,908] {taskinstance.py:1909} ERROR - Task failed with exception
Traceback (most recent call last):
  File "/home/airflow/.local/lib/python3.7/site-packages/airflow/operators/python.py", line 171, in execute
    return_value = self.execute_callable()
  File "/home/airflow/.local/lib/python3.7/site-packages/airflow/operators/python.py", line 189, in execute_callable
    return self.python_callable(*self.op_args, **self.op_kwargs)
TypeError: get_and_transform_Data() missing 1 required positional argument: 'pages'
[2023-08-21 14:34:02,917] {taskinstance.py:1420} INFO - Marking task as UP_FOR_RETRY. dag_id=Products_ETL, task_id=get_data, execution_date=20230821T143400, start_date=20230821T143402, end_date=20230821T143402
[2023-08-21 14:34:02,923] {standard_task_runner.py:97} ERROR - Failed to execute job 48 for task get_data (get_and_transform_Data() missing 1 required positional argument: 'pages'; 241)
[2023-08-21 14:34:02,935] {local_task_job.py:156} INFO - Task exited with return code 1
[2023-08-21 14:34:02,962] {local_task_job.py:273} INFO - 0 downstream tasks scheduled from follow-on schedule check
