[2023-08-22 14:02:52,599] {taskinstance.py:1179} INFO - Dependencies all met for <TaskInstance: new_etl.transformar_data manual__2023-08-22T14:02:46.671358+00:00 [queued]>
[2023-08-22 14:02:52,607] {taskinstance.py:1179} INFO - Dependencies all met for <TaskInstance: new_etl.transformar_data manual__2023-08-22T14:02:46.671358+00:00 [queued]>
[2023-08-22 14:02:52,608] {taskinstance.py:1376} INFO - 
--------------------------------------------------------------------------------
[2023-08-22 14:02:52,609] {taskinstance.py:1377} INFO - Starting attempt 1 of 4
[2023-08-22 14:02:52,610] {taskinstance.py:1378} INFO - 
--------------------------------------------------------------------------------
[2023-08-22 14:02:52,623] {taskinstance.py:1397} INFO - Executing <Task(PythonOperator): transformar_data> on 2023-08-22 14:02:46.671358+00:00
[2023-08-22 14:02:52,644] {standard_task_runner.py:52} INFO - Started process 3487 to run task
[2023-08-22 14:02:52,652] {standard_task_runner.py:79} INFO - Running: ['***', 'tasks', 'run', 'new_etl', 'transformar_data', 'manual__2023-08-22T14:02:46.671358+00:00', '--job-id', '138', '--raw', '--subdir', 'DAGS_FOLDER/etl2.py', '--cfg-path', '/tmp/tmpo0b2g10d', '--error-file', '/tmp/tmp0vjjlsup']
[2023-08-22 14:02:52,659] {standard_task_runner.py:80} INFO - Job 138: Subtask transformar_data
[2023-08-22 14:02:52,722] {task_command.py:371} INFO - Running <TaskInstance: new_etl.transformar_data manual__2023-08-22T14:02:46.671358+00:00 [running]> on host 0110d0e687e9
[2023-08-22 14:02:52,775] {taskinstance.py:1591} INFO - Exporting the following env vars:
AIRFLOW_CTX_DAG_OWNER=Sol
AIRFLOW_CTX_DAG_ID=new_etl
AIRFLOW_CTX_TASK_ID=transformar_data
AIRFLOW_CTX_EXECUTION_DATE=2023-08-22T14:02:46.671358+00:00
AIRFLOW_CTX_TRY_NUMBER=1
AIRFLOW_CTX_DAG_RUN_ID=manual__2023-08-22T14:02:46.671358+00:00
[2023-08-22 14:02:52,777] {taskinstance.py:1909} ERROR - Task failed with exception
Traceback (most recent call last):
  File "/home/airflow/.local/lib/python3.7/site-packages/airflow/operators/python.py", line 171, in execute
    return_value = self.execute_callable()
  File "/home/airflow/.local/lib/python3.7/site-packages/airflow/operators/python.py", line 189, in execute_callable
    return self.python_callable(*self.op_args, **self.op_kwargs)
  File "/opt/airflow/dags/function_etl.py", line 52, in transformar_data
    df=pd.json_normalize(loaded_data, max_level=1, sep='_')
  File "/home/airflow/.local/lib/python3.7/site-packages/pandas/io/json/_normalize.py", line 438, in _json_normalize
    if any([isinstance(x, dict) for x in y.values()] for y in data):
  File "/home/airflow/.local/lib/python3.7/site-packages/pandas/io/json/_normalize.py", line 438, in <genexpr>
    if any([isinstance(x, dict) for x in y.values()] for y in data):
AttributeError: 'list' object has no attribute 'values'
[2023-08-22 14:02:52,788] {taskinstance.py:1420} INFO - Marking task as UP_FOR_RETRY. dag_id=new_etl, task_id=transformar_data, execution_date=20230822T140246, start_date=20230822T140252, end_date=20230822T140252
[2023-08-22 14:02:52,795] {standard_task_runner.py:97} ERROR - Failed to execute job 138 for task transformar_data ('list' object has no attribute 'values'; 3487)
[2023-08-22 14:02:52,826] {local_task_job.py:156} INFO - Task exited with return code 1
[2023-08-22 14:02:52,850] {local_task_job.py:273} INFO - 0 downstream tasks scheduled from follow-on schedule check
