[2023-08-22 14:08:55,576] {taskinstance.py:1179} INFO - Dependencies all met for <TaskInstance: new_etl.transformar_data manual__2023-08-22T14:02:46.671358+00:00 [queued]>
[2023-08-22 14:08:55,585] {taskinstance.py:1179} INFO - Dependencies all met for <TaskInstance: new_etl.transformar_data manual__2023-08-22T14:02:46.671358+00:00 [queued]>
[2023-08-22 14:08:55,588] {taskinstance.py:1376} INFO - 
--------------------------------------------------------------------------------
[2023-08-22 14:08:55,589] {taskinstance.py:1377} INFO - Starting attempt 3 of 4
[2023-08-22 14:08:55,589] {taskinstance.py:1378} INFO - 
--------------------------------------------------------------------------------
[2023-08-22 14:08:55,603] {taskinstance.py:1397} INFO - Executing <Task(PythonOperator): transformar_data> on 2023-08-22 14:02:46.671358+00:00
[2023-08-22 14:08:55,615] {standard_task_runner.py:52} INFO - Started process 4257 to run task
[2023-08-22 14:08:55,619] {standard_task_runner.py:79} INFO - Running: ['***', 'tasks', 'run', 'new_etl', 'transformar_data', 'manual__2023-08-22T14:02:46.671358+00:00', '--job-id', '142', '--raw', '--subdir', 'DAGS_FOLDER/etl2.py', '--cfg-path', '/tmp/tmpnl5sdpu5', '--error-file', '/tmp/tmpa3h0b46g']
[2023-08-22 14:08:55,621] {standard_task_runner.py:80} INFO - Job 142: Subtask transformar_data
[2023-08-22 14:08:55,679] {task_command.py:371} INFO - Running <TaskInstance: new_etl.transformar_data manual__2023-08-22T14:02:46.671358+00:00 [running]> on host 0110d0e687e9
[2023-08-22 14:08:55,731] {taskinstance.py:1591} INFO - Exporting the following env vars:
AIRFLOW_CTX_DAG_OWNER=Sol
AIRFLOW_CTX_DAG_ID=new_etl
AIRFLOW_CTX_TASK_ID=transformar_data
AIRFLOW_CTX_EXECUTION_DATE=2023-08-22T14:02:46.671358+00:00
AIRFLOW_CTX_TRY_NUMBER=3
AIRFLOW_CTX_DAG_RUN_ID=manual__2023-08-22T14:02:46.671358+00:00
[2023-08-22 14:08:55,742] {python.py:173} INFO - Done. Returned value was: None
[2023-08-22 14:08:55,754] {taskinstance.py:1420} INFO - Marking task as SUCCESS. dag_id=new_etl, task_id=transformar_data, execution_date=20230822T140246, start_date=20230822T140855, end_date=20230822T140855
[2023-08-22 14:08:55,793] {local_task_job.py:156} INFO - Task exited with return code 0
[2023-08-22 14:08:55,824] {local_task_job.py:273} INFO - 0 downstream tasks scheduled from follow-on schedule check
