[2023-09-06 18:46:06,973] {taskinstance.py:1179} INFO - Dependencies all met for <TaskInstance: ETL_products.insertar_data manual__2023-09-06T18:32:38.261263+00:00 [queued]>
[2023-09-06 18:46:06,979] {taskinstance.py:1179} INFO - Dependencies all met for <TaskInstance: ETL_products.insertar_data manual__2023-09-06T18:32:38.261263+00:00 [queued]>
[2023-09-06 18:46:06,980] {taskinstance.py:1376} INFO - 
--------------------------------------------------------------------------------
[2023-09-06 18:46:06,980] {taskinstance.py:1377} INFO - Starting attempt 1 of 4
[2023-09-06 18:46:06,981] {taskinstance.py:1378} INFO - 
--------------------------------------------------------------------------------
[2023-09-06 18:46:06,991] {taskinstance.py:1397} INFO - Executing <Task(PythonOperator): insertar_data> on 2023-09-06 18:32:38.261263+00:00
[2023-09-06 18:46:06,995] {standard_task_runner.py:52} INFO - Started process 203 to run task
[2023-09-06 18:46:07,001] {standard_task_runner.py:79} INFO - Running: ['***', 'tasks', 'run', 'ETL_products', 'insertar_data', 'manual__2023-09-06T18:32:38.261263+00:00', '--job-id', '71', '--raw', '--subdir', 'DAGS_FOLDER/etl.py', '--cfg-path', '/tmp/tmp299ghirx', '--error-file', '/tmp/tmp4kv_qa_w']
[2023-09-06 18:46:07,002] {standard_task_runner.py:80} INFO - Job 71: Subtask insertar_data
[2023-09-06 18:46:07,071] {task_command.py:371} INFO - Running <TaskInstance: ETL_products.insertar_data manual__2023-09-06T18:32:38.261263+00:00 [running]> on host 04ca621f86f5
[2023-09-06 18:46:07,142] {taskinstance.py:1591} INFO - Exporting the following env vars:
AIRFLOW_CTX_DAG_OWNER=Sol
AIRFLOW_CTX_DAG_ID=ETL_products
AIRFLOW_CTX_TASK_ID=insertar_data
AIRFLOW_CTX_EXECUTION_DATE=2023-09-06T18:32:38.261263+00:00
AIRFLOW_CTX_TRY_NUMBER=1
AIRFLOW_CTX_DAG_RUN_ID=manual__2023-09-06T18:32:38.261263+00:00
[2023-09-06 18:46:16,292] {functions.py:115} INFO - Data inserted successfully!
[2023-09-06 18:46:16,309] {python.py:173} INFO - Done. Returned value was: None
[2023-09-06 18:46:16,448] {taskinstance.py:1420} INFO - Marking task as SUCCESS. dag_id=ETL_products, task_id=insertar_data, execution_date=20230906T183238, start_date=20230906T184606, end_date=20230906T184616
[2023-09-06 18:46:16,613] {local_task_job.py:156} INFO - Task exited with return code 0
[2023-09-06 18:46:16,712] {local_task_job.py:273} INFO - 0 downstream tasks scheduled from follow-on schedule check
