[2023-08-21 21:08:31,008] {taskinstance.py:1179} INFO - Dependencies all met for <TaskInstance: Products_ETL_v2.api_call manual__2023-08-21T21:08:29.081316+00:00 [queued]>
[2023-08-21 21:08:31,015] {taskinstance.py:1179} INFO - Dependencies all met for <TaskInstance: Products_ETL_v2.api_call manual__2023-08-21T21:08:29.081316+00:00 [queued]>
[2023-08-21 21:08:31,016] {taskinstance.py:1376} INFO - 
--------------------------------------------------------------------------------
[2023-08-21 21:08:31,016] {taskinstance.py:1377} INFO - Starting attempt 1 of 6
[2023-08-21 21:08:31,017] {taskinstance.py:1378} INFO - 
--------------------------------------------------------------------------------
[2023-08-21 21:08:31,028] {taskinstance.py:1397} INFO - Executing <Task(PythonOperator): api_call> on 2023-08-21 21:08:29.081316+00:00
[2023-08-21 21:08:31,039] {standard_task_runner.py:52} INFO - Started process 14797 to run task
[2023-08-21 21:08:31,043] {standard_task_runner.py:79} INFO - Running: ['***', 'tasks', 'run', 'Products_ETL_v2', 'api_call', 'manual__2023-08-21T21:08:29.081316+00:00', '--job-id', '93', '--raw', '--subdir', 'DAGS_FOLDER/myETL.py', '--cfg-path', '/tmp/tmphfdn4eky', '--error-file', '/tmp/tmpyogm_w87']
[2023-08-21 21:08:31,045] {standard_task_runner.py:80} INFO - Job 93: Subtask api_call
[2023-08-21 21:08:31,109] {task_command.py:371} INFO - Running <TaskInstance: Products_ETL_v2.api_call manual__2023-08-21T21:08:29.081316+00:00 [running]> on host 0110d0e687e9
[2023-08-21 21:08:31,172] {taskinstance.py:1591} INFO - Exporting the following env vars:
AIRFLOW_CTX_DAG_OWNER=Sol
AIRFLOW_CTX_DAG_ID=Products_ETL_v2
AIRFLOW_CTX_TASK_ID=api_call
AIRFLOW_CTX_EXECUTION_DATE=2023-08-21T21:08:29.081316+00:00
AIRFLOW_CTX_TRY_NUMBER=1
AIRFLOW_CTX_DAG_RUN_ID=manual__2023-08-21T21:08:29.081316+00:00
[2023-08-21 21:08:33,756] {python.py:173} INFO - Done. Returned value was: None
[2023-08-21 21:08:33,783] {taskinstance.py:1420} INFO - Marking task as SUCCESS. dag_id=Products_ETL_v2, task_id=api_call, execution_date=20230821T210829, start_date=20230821T210831, end_date=20230821T210833
[2023-08-21 21:08:33,850] {local_task_job.py:156} INFO - Task exited with return code 0
[2023-08-21 21:08:33,910] {local_task_job.py:273} INFO - 1 downstream tasks scheduled from follow-on schedule check
