[2023-08-22 14:26:51,041] {taskinstance.py:1179} INFO - Dependencies all met for <TaskInstance: new_etl.extraer_data manual__2023-08-22T14:17:41.635426+00:00 [queued]>
[2023-08-22 14:26:51,049] {taskinstance.py:1179} INFO - Dependencies all met for <TaskInstance: new_etl.extraer_data manual__2023-08-22T14:17:41.635426+00:00 [queued]>
[2023-08-22 14:26:51,050] {taskinstance.py:1376} INFO - 
--------------------------------------------------------------------------------
[2023-08-22 14:26:51,050] {taskinstance.py:1377} INFO - Starting attempt 4 of 4
[2023-08-22 14:26:51,051] {taskinstance.py:1378} INFO - 
--------------------------------------------------------------------------------
[2023-08-22 14:26:51,061] {taskinstance.py:1397} INFO - Executing <Task(PythonOperator): extraer_data> on 2023-08-22 14:17:41.635426+00:00
[2023-08-22 14:26:51,068] {standard_task_runner.py:52} INFO - Started process 6538 to run task
[2023-08-22 14:26:51,072] {standard_task_runner.py:79} INFO - Running: ['***', 'tasks', 'run', 'new_etl', 'extraer_data', 'manual__2023-08-22T14:17:41.635426+00:00', '--job-id', '160', '--raw', '--subdir', 'DAGS_FOLDER/etl2.py', '--cfg-path', '/tmp/tmp0k3dql8y', '--error-file', '/tmp/tmp42xj85y8']
[2023-08-22 14:26:51,073] {standard_task_runner.py:80} INFO - Job 160: Subtask extraer_data
[2023-08-22 14:26:51,237] {task_command.py:371} INFO - Running <TaskInstance: new_etl.extraer_data manual__2023-08-22T14:17:41.635426+00:00 [running]> on host 0110d0e687e9
[2023-08-22 14:26:51,314] {taskinstance.py:1591} INFO - Exporting the following env vars:
AIRFLOW_CTX_DAG_OWNER=Sol
AIRFLOW_CTX_DAG_ID=new_etl
AIRFLOW_CTX_TASK_ID=extraer_data
AIRFLOW_CTX_EXECUTION_DATE=2023-08-22T14:17:41.635426+00:00
AIRFLOW_CTX_TRY_NUMBER=4
AIRFLOW_CTX_DAG_RUN_ID=manual__2023-08-22T14:17:41.635426+00:00
[2023-08-22 14:26:52,996] {python.py:173} INFO - Done. Returned value was: None
[2023-08-22 14:26:53,055] {taskinstance.py:1420} INFO - Marking task as SUCCESS. dag_id=new_etl, task_id=extraer_data, execution_date=20230822T141741, start_date=20230822T142651, end_date=20230822T142653
[2023-08-22 14:26:53,119] {local_task_job.py:156} INFO - Task exited with return code 0
[2023-08-22 14:26:53,172] {local_task_job.py:273} INFO - 1 downstream tasks scheduled from follow-on schedule check
