[2023-09-06 18:45:53,230] {manager.py:480} INFO - Processing files using up to 2 processes at a time 
[2023-09-06 18:45:53,236] {manager.py:481} INFO - Process each file at most once every 10 seconds
[2023-09-06 18:45:53,237] {manager.py:483} INFO - Checking for new files in /opt/airflow/dags every 300 seconds
[2023-09-06 18:45:53,238] {manager.py:690} INFO - Searching for files in /opt/airflow/dags
[2023-09-06 18:45:53,258] {manager.py:693} INFO - There are 2 files in /opt/airflow/dags
[2023-09-06 18:46:12,731] {manager.py:809} INFO - 
================================================================================
DAG File Processing Stats

File Path                       PID    Runtime      # DAGs    # Errors  Last Runtime    Last Run
------------------------------  -----  ---------  --------  ----------  --------------  -------------------
/opt/airflow/dags/functions.py                           0           0  0.63s           2023-09-06T18:46:05
/opt/airflow/dags/etl.py                                 1           0  0.56s           2023-09-06T18:46:05
================================================================================
[2023-09-06 18:46:43,390] {manager.py:809} INFO - 
================================================================================
DAG File Processing Stats

File Path                       PID    Runtime      # DAGs    # Errors  Last Runtime    Last Run
------------------------------  -----  ---------  --------  ----------  --------------  -------------------
/opt/airflow/dags/functions.py                           0           0  0.61s           2023-09-06T18:46:38
/opt/airflow/dags/etl.py                                 1           0  0.60s           2023-09-06T18:46:38
================================================================================
[2023-09-06 18:47:14,430] {manager.py:809} INFO - 
================================================================================
DAG File Processing Stats

File Path                         PID  Runtime      # DAGs    # Errors  Last Runtime    Last Run
------------------------------  -----  ---------  --------  ----------  --------------  -------------------
/opt/airflow/dags/functions.py    280  0.03s             0           0  0.53s           2023-09-06T18:47:10
/opt/airflow/dags/etl.py                                 1           0  0.53s           2023-09-06T18:47:10
================================================================================
[2023-09-06 18:47:40,410] {manager.py:462} INFO - Exiting gracefully upon receiving signal 15
[2023-09-06 18:50:02,353] {manager.py:480} INFO - Processing files using up to 2 processes at a time 
[2023-09-06 18:50:02,356] {manager.py:481} INFO - Process each file at most once every 10 seconds
[2023-09-06 18:50:02,357] {manager.py:483} INFO - Checking for new files in /opt/airflow/dags every 300 seconds
[2023-09-06 18:50:02,358] {manager.py:690} INFO - Searching for files in /opt/airflow/dags
[2023-09-06 18:50:02,379] {manager.py:693} INFO - There are 2 files in /opt/airflow/dags
[2023-09-06 18:50:12,197] {manager.py:809} INFO - 
================================================================================
DAG File Processing Stats

File Path                       PID    Runtime      # DAGs    # Errors  Last Runtime    Last Run
------------------------------  -----  ---------  --------  ----------  --------------  -------------------
/opt/airflow/dags/functions.py                           0           0  2.62s           2023-09-06T18:50:05
/opt/airflow/dags/etl.py                                 1           0  2.70s           2023-09-06T18:50:05
================================================================================
[2023-09-06 18:50:42,893] {manager.py:809} INFO - 
================================================================================
DAG File Processing Stats

File Path                       PID    Runtime      # DAGs    # Errors  Last Runtime    Last Run
------------------------------  -----  ---------  --------  ----------  --------------  -------------------
/opt/airflow/dags/functions.py                           0           0  0.51s           2023-09-06T18:50:36
/opt/airflow/dags/etl.py                                 1           0  0.51s           2023-09-06T18:50:36
================================================================================
[2023-09-06 18:51:12,939] {manager.py:809} INFO - 
================================================================================
DAG File Processing Stats

File Path                       PID    Runtime      # DAGs    # Errors  Last Runtime    Last Run
------------------------------  -----  ---------  --------  ----------  --------------  -------------------
/opt/airflow/dags/functions.py                           0           0  0.49s           2023-09-06T18:51:08
/opt/airflow/dags/etl.py                                 1           0  0.49s           2023-09-06T18:51:08
================================================================================
[2023-09-06 18:51:43,821] {manager.py:809} INFO - 
================================================================================
DAG File Processing Stats

File Path                       PID    Runtime      # DAGs    # Errors  Last Runtime    Last Run
------------------------------  -----  ---------  --------  ----------  --------------  -------------------
/opt/airflow/dags/functions.py                           0           0  0.57s           2023-09-06T18:51:40
/opt/airflow/dags/etl.py                                 1           0  0.58s           2023-09-06T18:51:40
================================================================================
[2023-09-06 18:52:14,637] {manager.py:809} INFO - 
================================================================================
DAG File Processing Stats

File Path                       PID    Runtime      # DAGs    # Errors  Last Runtime    Last Run
------------------------------  -----  ---------  --------  ----------  --------------  -------------------
/opt/airflow/dags/functions.py                           0           0  0.52s           2023-09-06T18:52:12
/opt/airflow/dags/etl.py                                 1           0  0.54s           2023-09-06T18:52:12
================================================================================
[2023-09-06 18:52:45,472] {manager.py:809} INFO - 
================================================================================
DAG File Processing Stats

File Path                       PID    Runtime      # DAGs    # Errors  Last Runtime    Last Run
------------------------------  -----  ---------  --------  ----------  --------------  -------------------
/opt/airflow/dags/functions.py                           0           0  0.47s           2023-09-06T18:52:44
/opt/airflow/dags/etl.py                                 1           0  0.46s           2023-09-06T18:52:44
================================================================================
[2023-09-06 18:53:15,798] {manager.py:809} INFO - 
================================================================================
DAG File Processing Stats

File Path                         PID  Runtime      # DAGs    # Errors  Last Runtime    Last Run
------------------------------  -----  ---------  --------  ----------  --------------  -------------------
/opt/airflow/dags/functions.py    401  0.04s             0           0  0.46s           2023-09-06T18:53:05
/opt/airflow/dags/etl.py          403  0.01s             1           0  0.46s           2023-09-06T18:53:05
================================================================================
[2023-09-06 18:53:46,541] {manager.py:809} INFO - 
================================================================================
DAG File Processing Stats

File Path                       PID    Runtime      # DAGs    # Errors  Last Runtime    Last Run
------------------------------  -----  ---------  --------  ----------  --------------  -------------------
/opt/airflow/dags/functions.py                           0           0  0.40s           2023-09-06T18:53:37
/opt/airflow/dags/etl.py                                 1           0  0.42s           2023-09-06T18:53:37
================================================================================
[2023-09-06 18:54:17,230] {manager.py:809} INFO - 
================================================================================
DAG File Processing Stats

File Path                       PID    Runtime      # DAGs    # Errors  Last Runtime    Last Run
------------------------------  -----  ---------  --------  ----------  --------------  -------------------
/opt/airflow/dags/functions.py                           0           0  0.49s           2023-09-06T18:54:09
/opt/airflow/dags/etl.py                                 1           0  0.46s           2023-09-06T18:54:09
================================================================================
[2023-09-06 18:54:47,926] {manager.py:809} INFO - 
================================================================================
DAG File Processing Stats

File Path                       PID    Runtime      # DAGs    # Errors  Last Runtime    Last Run
------------------------------  -----  ---------  --------  ----------  --------------  -------------------
/opt/airflow/dags/functions.py                           0           0  0.45s           2023-09-06T18:54:40
/opt/airflow/dags/etl.py                                 1           0  0.46s           2023-09-06T18:54:40
================================================================================
[2023-09-06 18:55:03,017] {manager.py:690} INFO - Searching for files in /opt/airflow/dags
[2023-09-06 18:55:03,046] {manager.py:693} INFO - There are 2 files in /opt/airflow/dags
[2023-09-06 18:55:18,679] {manager.py:809} INFO - 
================================================================================
DAG File Processing Stats

File Path                       PID    Runtime      # DAGs    # Errors  Last Runtime    Last Run
------------------------------  -----  ---------  --------  ----------  --------------  -------------------
/opt/airflow/dags/functions.py                           0           0  0.49s           2023-09-06T18:55:12
/opt/airflow/dags/etl.py                                 1           0  0.49s           2023-09-06T18:55:12
================================================================================
[2023-09-06 18:55:49,312] {manager.py:809} INFO - 
================================================================================
DAG File Processing Stats

File Path                       PID    Runtime      # DAGs    # Errors  Last Runtime    Last Run
------------------------------  -----  ---------  --------  ----------  --------------  -------------------
/opt/airflow/dags/functions.py                           0           0  0.49s           2023-09-06T18:55:44
/opt/airflow/dags/etl.py                                 1           0  0.48s           2023-09-06T18:55:44
================================================================================
[2023-09-06 18:56:20,031] {manager.py:809} INFO - 
================================================================================
DAG File Processing Stats

File Path                       PID    Runtime      # DAGs    # Errors  Last Runtime    Last Run
------------------------------  -----  ---------  --------  ----------  --------------  -------------------
/opt/airflow/dags/functions.py                           0           0  0.50s           2023-09-06T18:56:16
/opt/airflow/dags/etl.py                                 1           0  0.50s           2023-09-06T18:56:16
================================================================================
[2023-09-06 18:56:50,637] {manager.py:809} INFO - 
================================================================================
DAG File Processing Stats

File Path                       PID    Runtime      # DAGs    # Errors  Last Runtime    Last Run
------------------------------  -----  ---------  --------  ----------  --------------  -------------------
/opt/airflow/dags/functions.py                           0           0  0.49s           2023-09-06T18:56:47
/opt/airflow/dags/etl.py                                 1           0  0.49s           2023-09-06T18:56:47
================================================================================
[2023-09-06 18:57:21,347] {manager.py:809} INFO - 
================================================================================
DAG File Processing Stats

File Path                       PID    Runtime      # DAGs    # Errors  Last Runtime    Last Run
------------------------------  -----  ---------  --------  ----------  --------------  -------------------
/opt/airflow/dags/functions.py                           0           0  0.51s           2023-09-06T18:57:19
/opt/airflow/dags/etl.py                                 1           0  0.51s           2023-09-06T18:57:19
================================================================================
[2023-09-06 18:57:52,128] {manager.py:809} INFO - 
================================================================================
DAG File Processing Stats

File Path                       PID    Runtime      # DAGs    # Errors  Last Runtime    Last Run
------------------------------  -----  ---------  --------  ----------  --------------  -------------------
/opt/airflow/dags/functions.py                           0           0  0.49s           2023-09-06T18:57:51
/opt/airflow/dags/etl.py                                 1           0  0.50s           2023-09-06T18:57:51
================================================================================
[2023-09-06 18:58:22,274] {manager.py:809} INFO - 
================================================================================
DAG File Processing Stats

File Path                         PID  Runtime      # DAGs    # Errors  Last Runtime    Last Run
------------------------------  -----  ---------  --------  ----------  --------------  -------------------
/opt/airflow/dags/functions.py    749  0.02s             0           0  0.43s           2023-09-06T18:58:12
/opt/airflow/dags/etl.py          751  0.01s             1           0  0.43s           2023-09-06T18:58:12
================================================================================
[2023-09-06 18:58:52,950] {manager.py:809} INFO - 
================================================================================
DAG File Processing Stats

File Path                       PID    Runtime      # DAGs    # Errors  Last Runtime    Last Run
------------------------------  -----  ---------  --------  ----------  --------------  -------------------
/opt/airflow/dags/functions.py                           0           0  0.47s           2023-09-06T18:58:43
/opt/airflow/dags/etl.py                                 1           0  0.45s           2023-09-06T18:58:43
================================================================================
[2023-09-06 18:59:23,739] {manager.py:809} INFO - 
================================================================================
DAG File Processing Stats

File Path                         PID  Runtime      # DAGs    # Errors  Last Runtime    Last Run
------------------------------  -----  ---------  --------  ----------  --------------  -------------------
/opt/airflow/dags/functions.py    827  0.03s             0           0  0.43s           2023-09-06T18:59:13
/opt/airflow/dags/etl.py                                 1           0  1.50s           2023-09-06T18:59:16
================================================================================
[2023-09-06 18:59:53,961] {manager.py:809} INFO - 
================================================================================
DAG File Processing Stats

File Path                       PID    Runtime      # DAGs    # Errors  Last Runtime    Last Run
------------------------------  -----  ---------  --------  ----------  --------------  -------------------
/opt/airflow/dags/functions.py                           0           0  0.52s           2023-09-06T18:59:45
/opt/airflow/dags/etl.py                                 1           0  0.43s           2023-09-06T18:59:49
================================================================================
[2023-09-06 19:00:03,523] {manager.py:690} INFO - Searching for files in /opt/airflow/dags
[2023-09-06 19:00:03,562] {manager.py:693} INFO - There are 2 files in /opt/airflow/dags
[2023-09-06 19:00:24,350] {manager.py:809} INFO - 
================================================================================
DAG File Processing Stats

File Path                       PID    Runtime      # DAGs    # Errors  Last Runtime    Last Run
------------------------------  -----  ---------  --------  ----------  --------------  -------------------
/opt/airflow/dags/functions.py                           0           0  0.43s           2023-09-06T19:00:17
/opt/airflow/dags/etl.py                                 1           0  0.27s           2023-09-06T19:00:20
================================================================================
[2023-09-06 19:00:54,375] {manager.py:809} INFO - 
================================================================================
DAG File Processing Stats

File Path                       PID    Runtime      # DAGs    # Errors  Last Runtime    Last Run
------------------------------  -----  ---------  --------  ----------  --------------  -------------------
/opt/airflow/dags/functions.py                           0           0  0.56s           2023-09-06T19:00:48
/opt/airflow/dags/etl.py                                 1           0  0.44s           2023-09-06T19:00:52
================================================================================
[2023-09-06 19:01:24,975] {manager.py:809} INFO - 
================================================================================
DAG File Processing Stats

File Path                       PID    Runtime      # DAGs    # Errors  Last Runtime    Last Run
------------------------------  -----  ---------  --------  ----------  --------------  -------------------
/opt/airflow/dags/functions.py                           0           0  0.89s           2023-09-06T19:01:19
/opt/airflow/dags/etl.py                                 1           0  0.50s           2023-09-06T19:01:24
================================================================================
[2023-09-06 19:01:55,202] {manager.py:809} INFO - 
================================================================================
DAG File Processing Stats

File Path                         PID  Runtime      # DAGs    # Errors  Last Runtime    Last Run
------------------------------  -----  ---------  --------  ----------  --------------  -------------------
/opt/airflow/dags/functions.py                           0           0  0.87s           2023-09-06T19:01:51
/opt/airflow/dags/etl.py         1031  0.02s             1           0  0.46s           2023-09-06T19:01:45
================================================================================
[2023-09-06 19:02:25,419] {manager.py:809} INFO - 
================================================================================
DAG File Processing Stats

File Path                       PID    Runtime      # DAGs    # Errors  Last Runtime    Last Run
------------------------------  -----  ---------  --------  ----------  --------------  -------------------
/opt/airflow/dags/functions.py                           0           0  0.42s           2023-09-06T19:02:23
/opt/airflow/dags/etl.py                                 1           0  0.49s           2023-09-06T19:02:16
================================================================================
[2023-09-06 19:02:45,297] {manager.py:462} INFO - Exiting gracefully upon receiving signal 15
