[2023-09-06 18:51:15,666] {taskinstance.py:1179} INFO - Dependencies all met for <TaskInstance: ETL_products.enviar_confirmacion_ejecucion manual__2023-09-06T18:50:53.105741+00:00 [queued]>
[2023-09-06 18:51:15,671] {taskinstance.py:1179} INFO - Dependencies all met for <TaskInstance: ETL_products.enviar_confirmacion_ejecucion manual__2023-09-06T18:50:53.105741+00:00 [queued]>
[2023-09-06 18:51:15,672] {taskinstance.py:1376} INFO - 
--------------------------------------------------------------------------------
[2023-09-06 18:51:15,672] {taskinstance.py:1377} INFO - Starting attempt 1 of 4
[2023-09-06 18:51:15,673] {taskinstance.py:1378} INFO - 
--------------------------------------------------------------------------------
[2023-09-06 18:51:15,681] {taskinstance.py:1397} INFO - Executing <Task(PythonOperator): enviar_confirmacion_ejecucion> on 2023-09-06 18:50:53.105741+00:00
[2023-09-06 18:51:15,686] {standard_task_runner.py:52} INFO - Started process 268 to run task
[2023-09-06 18:51:15,689] {standard_task_runner.py:79} INFO - Running: ['***', 'tasks', 'run', 'ETL_products', 'enviar_confirmacion_ejecucion', 'manual__2023-09-06T18:50:53.105741+00:00', '--job-id', '79', '--raw', '--subdir', 'DAGS_FOLDER/etl.py', '--cfg-path', '/tmp/tmp7u86ivqc', '--error-file', '/tmp/tmpfv1daj2w']
[2023-09-06 18:51:15,690] {standard_task_runner.py:80} INFO - Job 79: Subtask enviar_confirmacion_ejecucion
[2023-09-06 18:51:15,788] {task_command.py:371} INFO - Running <TaskInstance: ETL_products.enviar_confirmacion_ejecucion manual__2023-09-06T18:50:53.105741+00:00 [running]> on host 889c80a1bf70
[2023-09-06 18:51:15,865] {taskinstance.py:1591} INFO - Exporting the following env vars:
AIRFLOW_CTX_DAG_OWNER=Sol
AIRFLOW_CTX_DAG_ID=ETL_products
AIRFLOW_CTX_TASK_ID=enviar_confirmacion_ejecucion
AIRFLOW_CTX_EXECUTION_DATE=2023-09-06T18:50:53.105741+00:00
AIRFLOW_CTX_TRY_NUMBER=1
AIRFLOW_CTX_DAG_RUN_ID=manual__2023-09-06T18:50:53.105741+00:00
[2023-09-06 18:51:17,897] {functions.py:134} INFO - Email sent successfully!
[2023-09-06 18:51:17,899] {python.py:173} INFO - Done. Returned value was: None
[2023-09-06 18:51:17,918] {taskinstance.py:1420} INFO - Marking task as SUCCESS. dag_id=ETL_products, task_id=enviar_confirmacion_ejecucion, execution_date=20230906T185053, start_date=20230906T185115, end_date=20230906T185117
[2023-09-06 18:51:17,962] {local_task_job.py:156} INFO - Task exited with return code 0
[2023-09-06 18:51:17,997] {local_task_job.py:273} INFO - 0 downstream tasks scheduled from follow-on schedule check
