[2023-08-22 23:40:55,891] {taskinstance.py:1179} INFO - Dependencies all met for <TaskInstance: ETL_products.comprobar_conexion manual__2023-08-22T23:37:46.616476+00:00 [queued]>
[2023-08-22 23:40:55,897] {taskinstance.py:1179} INFO - Dependencies all met for <TaskInstance: ETL_products.comprobar_conexion manual__2023-08-22T23:37:46.616476+00:00 [queued]>
[2023-08-22 23:40:55,897] {taskinstance.py:1376} INFO - 
--------------------------------------------------------------------------------
[2023-08-22 23:40:55,898] {taskinstance.py:1377} INFO - Starting attempt 1 of 4
[2023-08-22 23:40:55,898] {taskinstance.py:1378} INFO - 
--------------------------------------------------------------------------------
[2023-08-22 23:40:55,906] {taskinstance.py:1397} INFO - Executing <Task(PythonOperator): comprobar_conexion> on 2023-08-22 23:37:46.616476+00:00
[2023-08-22 23:40:55,910] {standard_task_runner.py:52} INFO - Started process 479 to run task
[2023-08-22 23:40:55,913] {standard_task_runner.py:79} INFO - Running: ['***', 'tasks', 'run', 'ETL_products', 'comprobar_conexion', 'manual__2023-08-22T23:37:46.616476+00:00', '--job-id', '18', '--raw', '--subdir', 'DAGS_FOLDER/etl.py', '--cfg-path', '/tmp/tmphzbfto3j', '--error-file', '/tmp/tmp6lymnx_s']
[2023-08-22 23:40:55,914] {standard_task_runner.py:80} INFO - Job 18: Subtask comprobar_conexion
[2023-08-22 23:40:55,959] {task_command.py:371} INFO - Running <TaskInstance: ETL_products.comprobar_conexion manual__2023-08-22T23:37:46.616476+00:00 [running]> on host 647aaf7d8bae
[2023-08-22 23:40:56,003] {taskinstance.py:1591} INFO - Exporting the following env vars:
AIRFLOW_CTX_DAG_OWNER=Sol
AIRFLOW_CTX_DAG_ID=ETL_products
AIRFLOW_CTX_TASK_ID=comprobar_conexion
AIRFLOW_CTX_EXECUTION_DATE=2023-08-22T23:37:46.616476+00:00
AIRFLOW_CTX_TRY_NUMBER=1
AIRFLOW_CTX_DAG_RUN_ID=manual__2023-08-22T23:37:46.616476+00:00
[2023-08-22 23:40:58,653] {logging_mixin.py:115} INFO - Connected to Redshift successfully!
[2023-08-22 23:40:58,657] {python.py:173} INFO - Done. Returned value was: None
[2023-08-22 23:40:58,721] {taskinstance.py:1420} INFO - Marking task as SUCCESS. dag_id=ETL_products, task_id=comprobar_conexion, execution_date=20230822T233746, start_date=20230822T234055, end_date=20230822T234058
[2023-08-22 23:40:58,792] {local_task_job.py:156} INFO - Task exited with return code 0
[2023-08-22 23:40:58,857] {local_task_job.py:273} INFO - 1 downstream tasks scheduled from follow-on schedule check
