[2023-08-18 20:01:51,722] {taskinstance.py:1179} INFO - Dependencies all met for <TaskInstance: Products_ETL.get_number_pages manual__2023-08-18T20:01:49.738866+00:00 [queued]>
[2023-08-18 20:01:51,735] {taskinstance.py:1179} INFO - Dependencies all met for <TaskInstance: Products_ETL.get_number_pages manual__2023-08-18T20:01:49.738866+00:00 [queued]>
[2023-08-18 20:01:51,736] {taskinstance.py:1376} INFO - 
--------------------------------------------------------------------------------
[2023-08-18 20:01:51,737] {taskinstance.py:1377} INFO - Starting attempt 1 of 6
[2023-08-18 20:01:51,737] {taskinstance.py:1378} INFO - 
--------------------------------------------------------------------------------
[2023-08-18 20:01:51,753] {taskinstance.py:1397} INFO - Executing <Task(PythonOperator): get_number_pages> on 2023-08-18 20:01:49.738866+00:00
[2023-08-18 20:01:51,765] {standard_task_runner.py:52} INFO - Started process 7677 to run task
[2023-08-18 20:01:51,776] {standard_task_runner.py:79} INFO - Running: ['***', 'tasks', 'run', 'Products_ETL', 'get_number_pages', 'manual__2023-08-18T20:01:49.738866+00:00', '--job-id', '7', '--raw', '--subdir', 'DAGS_FOLDER/etl.py', '--cfg-path', '/tmp/tmp0u0n6i63', '--error-file', '/tmp/tmpb2xvr29b']
[2023-08-18 20:01:51,779] {standard_task_runner.py:80} INFO - Job 7: Subtask get_number_pages
[2023-08-18 20:01:51,860] {task_command.py:371} INFO - Running <TaskInstance: Products_ETL.get_number_pages manual__2023-08-18T20:01:49.738866+00:00 [running]> on host 0110d0e687e9
[2023-08-18 20:01:51,926] {taskinstance.py:1591} INFO - Exporting the following env vars:
AIRFLOW_CTX_DAG_OWNER=Sol
AIRFLOW_CTX_DAG_ID=Products_ETL
AIRFLOW_CTX_TASK_ID=get_number_pages
AIRFLOW_CTX_EXECUTION_DATE=2023-08-18T20:01:49.738866+00:00
AIRFLOW_CTX_TRY_NUMBER=1
AIRFLOW_CTX_DAG_RUN_ID=manual__2023-08-18T20:01:49.738866+00:00
[2023-08-18 20:01:53,035] {python.py:173} INFO - Done. Returned value was: 3
[2023-08-18 20:01:53,199] {taskinstance.py:1420} INFO - Marking task as SUCCESS. dag_id=Products_ETL, task_id=get_number_pages, execution_date=20230818T200149, start_date=20230818T200151, end_date=20230818T200153
[2023-08-18 20:01:53,245] {local_task_job.py:156} INFO - Task exited with return code 0
[2023-08-18 20:01:53,400] {local_task_job.py:273} INFO - 1 downstream tasks scheduled from follow-on schedule check
