[2023-09-06 18:50:58,473] {taskinstance.py:1179} INFO - Dependencies all met for <TaskInstance: ETL_products.extraer_data manual__2023-09-06T18:50:53.105741+00:00 [queued]>
[2023-09-06 18:50:58,481] {taskinstance.py:1179} INFO - Dependencies all met for <TaskInstance: ETL_products.extraer_data manual__2023-09-06T18:50:53.105741+00:00 [queued]>
[2023-09-06 18:50:58,482] {taskinstance.py:1376} INFO - 
--------------------------------------------------------------------------------
[2023-09-06 18:50:58,482] {taskinstance.py:1377} INFO - Starting attempt 1 of 4
[2023-09-06 18:50:58,483] {taskinstance.py:1378} INFO - 
--------------------------------------------------------------------------------
[2023-09-06 18:50:58,490] {taskinstance.py:1397} INFO - Executing <Task(PythonOperator): extraer_data> on 2023-09-06 18:50:53.105741+00:00
[2023-09-06 18:50:58,496] {standard_task_runner.py:52} INFO - Started process 244 to run task
[2023-09-06 18:50:58,500] {standard_task_runner.py:79} INFO - Running: ['***', 'tasks', 'run', 'ETL_products', 'extraer_data', 'manual__2023-09-06T18:50:53.105741+00:00', '--job-id', '75', '--raw', '--subdir', 'DAGS_FOLDER/etl.py', '--cfg-path', '/tmp/tmp8kcearvi', '--error-file', '/tmp/tmpc9or984z']
[2023-09-06 18:50:58,501] {standard_task_runner.py:80} INFO - Job 75: Subtask extraer_data
[2023-09-06 18:50:58,579] {task_command.py:371} INFO - Running <TaskInstance: ETL_products.extraer_data manual__2023-09-06T18:50:53.105741+00:00 [running]> on host 889c80a1bf70
[2023-09-06 18:50:58,629] {taskinstance.py:1591} INFO - Exporting the following env vars:
AIRFLOW_CTX_DAG_OWNER=Sol
AIRFLOW_CTX_DAG_ID=ETL_products
AIRFLOW_CTX_TASK_ID=extraer_data
AIRFLOW_CTX_EXECUTION_DATE=2023-09-06T18:50:53.105741+00:00
AIRFLOW_CTX_TRY_NUMBER=1
AIRFLOW_CTX_DAG_RUN_ID=manual__2023-09-06T18:50:53.105741+00:00
[2023-09-06 18:51:01,695] {functions.py:52} INFO - Cantidad de productos: 10
[2023-09-06 18:51:01,741] {python.py:173} INFO - Done. Returned value was: 2023-09-06_raw_data.csv
[2023-09-06 18:51:01,787] {taskinstance.py:1420} INFO - Marking task as SUCCESS. dag_id=ETL_products, task_id=extraer_data, execution_date=20230906T185053, start_date=20230906T185058, end_date=20230906T185101
[2023-09-06 18:51:01,821] {local_task_job.py:156} INFO - Task exited with return code 0
[2023-09-06 18:51:01,860] {local_task_job.py:273} INFO - 1 downstream tasks scheduled from follow-on schedule check
