[2023-08-22 15:17:09,022] {taskinstance.py:1179} INFO - Dependencies all met for <TaskInstance: new_etl.extraer_data manual__2023-08-22T15:17:06.494469+00:00 [queued]>
[2023-08-22 15:17:09,048] {taskinstance.py:1179} INFO - Dependencies all met for <TaskInstance: new_etl.extraer_data manual__2023-08-22T15:17:06.494469+00:00 [queued]>
[2023-08-22 15:17:09,050] {taskinstance.py:1376} INFO - 
--------------------------------------------------------------------------------
[2023-08-22 15:17:09,050] {taskinstance.py:1377} INFO - Starting attempt 1 of 4
[2023-08-22 15:17:09,051] {taskinstance.py:1378} INFO - 
--------------------------------------------------------------------------------
[2023-08-22 15:17:09,076] {taskinstance.py:1397} INFO - Executing <Task(PythonOperator): extraer_data> on 2023-08-22 15:17:06.494469+00:00
[2023-08-22 15:17:09,126] {standard_task_runner.py:52} INFO - Started process 13381 to run task
[2023-08-22 15:17:09,132] {standard_task_runner.py:79} INFO - Running: ['***', 'tasks', 'run', 'new_etl', 'extraer_data', 'manual__2023-08-22T15:17:06.494469+00:00', '--job-id', '191', '--raw', '--subdir', 'DAGS_FOLDER/etl2.py', '--cfg-path', '/tmp/tmpnsaxlw25', '--error-file', '/tmp/tmpu3iaoydq']
[2023-08-22 15:17:09,137] {standard_task_runner.py:80} INFO - Job 191: Subtask extraer_data
[2023-08-22 15:17:09,368] {task_command.py:371} INFO - Running <TaskInstance: new_etl.extraer_data manual__2023-08-22T15:17:06.494469+00:00 [running]> on host 0110d0e687e9
[2023-08-22 15:17:09,548] {taskinstance.py:1591} INFO - Exporting the following env vars:
AIRFLOW_CTX_DAG_OWNER=Sol
AIRFLOW_CTX_DAG_ID=new_etl
AIRFLOW_CTX_TASK_ID=extraer_data
AIRFLOW_CTX_EXECUTION_DATE=2023-08-22T15:17:06.494469+00:00
AIRFLOW_CTX_TRY_NUMBER=1
AIRFLOW_CTX_DAG_RUN_ID=manual__2023-08-22T15:17:06.494469+00:00
[2023-08-22 15:17:11,242] {python.py:173} INFO - Done. Returned value was: None
[2023-08-22 15:17:11,301] {taskinstance.py:1420} INFO - Marking task as SUCCESS. dag_id=new_etl, task_id=extraer_data, execution_date=20230822T151706, start_date=20230822T151709, end_date=20230822T151711
[2023-08-22 15:17:11,370] {local_task_job.py:156} INFO - Task exited with return code 0
[2023-08-22 15:17:11,429] {local_task_job.py:273} INFO - 1 downstream tasks scheduled from follow-on schedule check
