[2023-09-06 18:50:54,518] {taskinstance.py:1179} INFO - Dependencies all met for <TaskInstance: ETL_products.crear_tabla manual__2023-09-06T18:50:53.105741+00:00 [queued]>
[2023-09-06 18:50:54,524] {taskinstance.py:1179} INFO - Dependencies all met for <TaskInstance: ETL_products.crear_tabla manual__2023-09-06T18:50:53.105741+00:00 [queued]>
[2023-09-06 18:50:54,524] {taskinstance.py:1376} INFO - 
--------------------------------------------------------------------------------
[2023-09-06 18:50:54,525] {taskinstance.py:1377} INFO - Starting attempt 1 of 4
[2023-09-06 18:50:54,525] {taskinstance.py:1378} INFO - 
--------------------------------------------------------------------------------
[2023-09-06 18:50:54,532] {taskinstance.py:1397} INFO - Executing <Task(PythonOperator): crear_tabla> on 2023-09-06 18:50:53.105741+00:00
[2023-09-06 18:50:54,537] {standard_task_runner.py:52} INFO - Started process 229 to run task
[2023-09-06 18:50:54,540] {standard_task_runner.py:79} INFO - Running: ['***', 'tasks', 'run', 'ETL_products', 'crear_tabla', 'manual__2023-09-06T18:50:53.105741+00:00', '--job-id', '74', '--raw', '--subdir', 'DAGS_FOLDER/etl.py', '--cfg-path', '/tmp/tmpacqix8eb', '--error-file', '/tmp/tmplfutpqq2']
[2023-09-06 18:50:54,541] {standard_task_runner.py:80} INFO - Job 74: Subtask crear_tabla
[2023-09-06 18:50:54,606] {task_command.py:371} INFO - Running <TaskInstance: ETL_products.crear_tabla manual__2023-09-06T18:50:53.105741+00:00 [running]> on host 889c80a1bf70
[2023-09-06 18:50:54,664] {taskinstance.py:1591} INFO - Exporting the following env vars:
AIRFLOW_CTX_DAG_OWNER=Sol
AIRFLOW_CTX_DAG_ID=ETL_products
AIRFLOW_CTX_TASK_ID=crear_tabla
AIRFLOW_CTX_EXECUTION_DATE=2023-09-06T18:50:53.105741+00:00
AIRFLOW_CTX_TRY_NUMBER=1
AIRFLOW_CTX_DAG_RUN_ID=manual__2023-09-06T18:50:53.105741+00:00
[2023-09-06 18:50:57,080] {functions.py:26} INFO - Connected to Redshift successfully!
[2023-09-06 18:50:57,580] {functions.py:34} INFO - Table created successfully!
[2023-09-06 18:50:57,584] {python.py:173} INFO - Done. Returned value was: None
[2023-09-06 18:50:57,699] {taskinstance.py:1420} INFO - Marking task as SUCCESS. dag_id=ETL_products, task_id=crear_tabla, execution_date=20230906T185053, start_date=20230906T185054, end_date=20230906T185057
[2023-09-06 18:50:57,794] {local_task_job.py:156} INFO - Task exited with return code 0
[2023-09-06 18:50:57,949] {local_task_job.py:273} INFO - 0 downstream tasks scheduled from follow-on schedule check
