[2023-08-22 23:40:20,469] {taskinstance.py:1179} INFO - Dependencies all met for <TaskInstance: ETL_products.extraer_data manual__2023-08-22T23:40:18.973605+00:00 [queued]>
[2023-08-22 23:40:20,474] {taskinstance.py:1179} INFO - Dependencies all met for <TaskInstance: ETL_products.extraer_data manual__2023-08-22T23:40:18.973605+00:00 [queued]>
[2023-08-22 23:40:20,475] {taskinstance.py:1376} INFO - 
--------------------------------------------------------------------------------
[2023-08-22 23:40:20,475] {taskinstance.py:1377} INFO - Starting attempt 1 of 4
[2023-08-22 23:40:20,476] {taskinstance.py:1378} INFO - 
--------------------------------------------------------------------------------
[2023-08-22 23:40:20,484] {taskinstance.py:1397} INFO - Executing <Task(PythonOperator): extraer_data> on 2023-08-22 23:40:18.973605+00:00
[2023-08-22 23:40:20,490] {standard_task_runner.py:52} INFO - Started process 422 to run task
[2023-08-22 23:40:20,495] {standard_task_runner.py:79} INFO - Running: ['***', 'tasks', 'run', 'ETL_products', 'extraer_data', 'manual__2023-08-22T23:40:18.973605+00:00', '--job-id', '13', '--raw', '--subdir', 'DAGS_FOLDER/etl.py', '--cfg-path', '/tmp/tmp5pk9n11t', '--error-file', '/tmp/tmpi89p9ax3']
[2023-08-22 23:40:20,497] {standard_task_runner.py:80} INFO - Job 13: Subtask extraer_data
[2023-08-22 23:40:20,665] {task_command.py:371} INFO - Running <TaskInstance: ETL_products.extraer_data manual__2023-08-22T23:40:18.973605+00:00 [running]> on host 647aaf7d8bae
[2023-08-22 23:40:20,791] {taskinstance.py:1591} INFO - Exporting the following env vars:
AIRFLOW_CTX_DAG_OWNER=Sol
AIRFLOW_CTX_DAG_ID=ETL_products
AIRFLOW_CTX_TASK_ID=extraer_data
AIRFLOW_CTX_EXECUTION_DATE=2023-08-22T23:40:18.973605+00:00
AIRFLOW_CTX_TRY_NUMBER=1
AIRFLOW_CTX_DAG_RUN_ID=manual__2023-08-22T23:40:18.973605+00:00
[2023-08-22 23:40:23,197] {python.py:173} INFO - Done. Returned value was: None
[2023-08-22 23:40:23,238] {taskinstance.py:1420} INFO - Marking task as SUCCESS. dag_id=ETL_products, task_id=extraer_data, execution_date=20230822T234018, start_date=20230822T234020, end_date=20230822T234023
[2023-08-22 23:40:23,269] {local_task_job.py:156} INFO - Task exited with return code 0
[2023-08-22 23:40:23,312] {local_task_job.py:273} INFO - 1 downstream tasks scheduled from follow-on schedule check
