[2023-08-22 15:25:43,049] {taskinstance.py:1179} INFO - Dependencies all met for <TaskInstance: new_etl.extraer_data manual__2023-08-22T15:25:41.037149+00:00 [queued]>
[2023-08-22 15:25:43,062] {taskinstance.py:1179} INFO - Dependencies all met for <TaskInstance: new_etl.extraer_data manual__2023-08-22T15:25:41.037149+00:00 [queued]>
[2023-08-22 15:25:43,063] {taskinstance.py:1376} INFO - 
--------------------------------------------------------------------------------
[2023-08-22 15:25:43,063] {taskinstance.py:1377} INFO - Starting attempt 1 of 4
[2023-08-22 15:25:43,064] {taskinstance.py:1378} INFO - 
--------------------------------------------------------------------------------
[2023-08-22 15:25:43,094] {taskinstance.py:1397} INFO - Executing <Task(PythonOperator): extraer_data> on 2023-08-22 15:25:41.037149+00:00
[2023-08-22 15:25:43,113] {standard_task_runner.py:52} INFO - Started process 14697 to run task
[2023-08-22 15:25:43,133] {standard_task_runner.py:79} INFO - Running: ['***', 'tasks', 'run', 'new_etl', 'extraer_data', 'manual__2023-08-22T15:25:41.037149+00:00', '--job-id', '194', '--raw', '--subdir', 'DAGS_FOLDER/etl2.py', '--cfg-path', '/tmp/tmps2dmk59s', '--error-file', '/tmp/tmpxfc2bj43']
[2023-08-22 15:25:43,172] {standard_task_runner.py:80} INFO - Job 194: Subtask extraer_data
[2023-08-22 15:25:43,586] {task_command.py:371} INFO - Running <TaskInstance: new_etl.extraer_data manual__2023-08-22T15:25:41.037149+00:00 [running]> on host 0110d0e687e9
[2023-08-22 15:25:43,773] {taskinstance.py:1591} INFO - Exporting the following env vars:
AIRFLOW_CTX_DAG_OWNER=Sol
AIRFLOW_CTX_DAG_ID=new_etl
AIRFLOW_CTX_TASK_ID=extraer_data
AIRFLOW_CTX_EXECUTION_DATE=2023-08-22T15:25:41.037149+00:00
AIRFLOW_CTX_TRY_NUMBER=1
AIRFLOW_CTX_DAG_RUN_ID=manual__2023-08-22T15:25:41.037149+00:00
[2023-08-22 15:25:45,574] {python.py:173} INFO - Done. Returned value was: None
[2023-08-22 15:25:45,619] {taskinstance.py:1420} INFO - Marking task as SUCCESS. dag_id=new_etl, task_id=extraer_data, execution_date=20230822T152541, start_date=20230822T152543, end_date=20230822T152545
[2023-08-22 15:25:45,686] {local_task_job.py:156} INFO - Task exited with return code 0
[2023-08-22 15:25:45,754] {local_task_job.py:273} INFO - 1 downstream tasks scheduled from follow-on schedule check
