[2023-08-22 14:38:34,012] {taskinstance.py:1179} INFO - Dependencies all met for <TaskInstance: new_etl.crear_tabla manual__2023-08-22T14:32:22.842769+00:00 [queued]>
[2023-08-22 14:38:34,022] {taskinstance.py:1179} INFO - Dependencies all met for <TaskInstance: new_etl.crear_tabla manual__2023-08-22T14:32:22.842769+00:00 [queued]>
[2023-08-22 14:38:34,024] {taskinstance.py:1376} INFO - 
--------------------------------------------------------------------------------
[2023-08-22 14:38:34,024] {taskinstance.py:1377} INFO - Starting attempt 2 of 4
[2023-08-22 14:38:34,025] {taskinstance.py:1378} INFO - 
--------------------------------------------------------------------------------
[2023-08-22 14:38:34,036] {taskinstance.py:1397} INFO - Executing <Task(RedshiftSQLOperator): crear_tabla> on 2023-08-22 14:32:22.842769+00:00
[2023-08-22 14:38:34,107] {standard_task_runner.py:52} INFO - Started process 8066 to run task
[2023-08-22 14:38:34,114] {standard_task_runner.py:79} INFO - Running: ['***', 'tasks', 'run', 'new_etl', 'crear_tabla', 'manual__2023-08-22T14:32:22.842769+00:00', '--job-id', '185', '--raw', '--subdir', 'DAGS_FOLDER/etl2.py', '--cfg-path', '/tmp/tmpvnm3fpio', '--error-file', '/tmp/tmp4adh5fyc']
[2023-08-22 14:38:34,117] {standard_task_runner.py:80} INFO - Job 185: Subtask crear_tabla
[2023-08-22 14:38:34,302] {task_command.py:371} INFO - Running <TaskInstance: new_etl.crear_tabla manual__2023-08-22T14:32:22.842769+00:00 [running]> on host 0110d0e687e9
[2023-08-22 14:38:34,469] {taskinstance.py:1591} INFO - Exporting the following env vars:
AIRFLOW_CTX_DAG_OWNER=Sol
AIRFLOW_CTX_DAG_ID=new_etl
AIRFLOW_CTX_TASK_ID=crear_tabla
AIRFLOW_CTX_EXECUTION_DATE=2023-08-22T14:32:22.842769+00:00
AIRFLOW_CTX_TRY_NUMBER=2
AIRFLOW_CTX_DAG_RUN_ID=manual__2023-08-22T14:32:22.842769+00:00
[2023-08-22 14:38:34,487] {redshift_sql.py:76} INFO - Executing statement: 
        create table if not exists soldebenedet_coderhouse.products_new (
            _id varchar(25),
            title varchar(25),
            price float,
            createdAt timestamp,
            updatedAt timestamp,
            slug varchar(100),
            category__id varchar(25),
            category_name varchar(50),
            category_slug varchar(100),
            createdBy_role varchar(25),
            createdBy__id varchar(25),
            createdBy_name varchar(25),
            primary key(_id, createdAt)
            );
            
[2023-08-22 14:38:34,518] {base.py:68} INFO - Using connection ID 'redshift-coderhouse' for task execution.
[2023-08-22 14:38:36,136] {dbapi.py:231} INFO - Running statement: 
        create table if not exists soldebenedet_coderhouse.products_new (
            _id varchar(25),
            title varchar(25),
            price float,
            createdAt timestamp,
            updatedAt timestamp,
            slug varchar(100),
            category__id varchar(25),
            category_name varchar(50),
            category_slug varchar(100),
            createdBy_role varchar(25),
            createdBy__id varchar(25),
            createdBy_name varchar(25),
            primary key(_id, createdAt)
            );
            , parameters: None
[2023-08-22 14:38:36,839] {taskinstance.py:1420} INFO - Marking task as SUCCESS. dag_id=new_etl, task_id=crear_tabla, execution_date=20230822T143222, start_date=20230822T143834, end_date=20230822T143836
[2023-08-22 14:38:36,929] {local_task_job.py:156} INFO - Task exited with return code 0
[2023-08-22 14:38:37,076] {local_task_job.py:273} INFO - 0 downstream tasks scheduled from follow-on schedule check
